2025-06-11 13:55:37,089:WARNING:
'cuml' is a soft dependency and not included in the pycaret installation. Please run: `pip install cuml` to install.
2025-06-11 13:55:37,089:WARNING:
'cuml' is a soft dependency and not included in the pycaret installation. Please run: `pip install cuml` to install.
2025-06-11 13:55:37,089:WARNING:
'cuml' is a soft dependency and not included in the pycaret installation. Please run: `pip install cuml` to install.
2025-06-11 13:55:37,089:WARNING:
'cuml' is a soft dependency and not included in the pycaret installation. Please run: `pip install cuml` to install.
2025-06-11 13:55:37,349:INFO:PyCaret RegressionExperiment
2025-06-11 13:55:37,350:INFO:Logging name: projeto_aula4_mlops
2025-06-11 13:55:37,350:INFO:ML Usecase: MLUsecase.REGRESSION
2025-06-11 13:55:37,350:INFO:version 3.3.2
2025-06-11 13:55:37,350:INFO:Initializing setup()
2025-06-11 13:55:37,350:INFO:self.USI: a042
2025-06-11 13:55:37,350:INFO:self._variable_keys: {'exp_name_log', 'logging_param', 'pipeline', 'log_plots_param', 'y_train', 'fold_generator', 'X_test', '_ml_usecase', 'gpu_param', 'y_test', 'data', 'seed', 'target_param', 'memory', 'y', 'USI', 'n_jobs_param', 'X', 'transform_target_param', 'exp_id', 'fold_groups_param', 'X_train', 'gpu_n_jobs_param', '_available_plots', 'idx', 'fold_shuffle_param', 'html_param'}
2025-06-11 13:55:37,350:INFO:Checking environment
2025-06-11 13:55:37,350:INFO:python_version: 3.10.0
2025-06-11 13:55:37,350:INFO:python_build: ('tags/v3.10.0:b494f59', 'Oct  4 2021 19:00:18')
2025-06-11 13:55:37,350:INFO:machine: AMD64
2025-06-11 13:55:37,354:INFO:platform: Windows-10-10.0.19045-SP0
2025-06-11 13:55:37,357:INFO:Memory: svmem(total=34280939520, available=23503745024, percent=31.4, used=10777194496, free=23503745024)
2025-06-11 13:55:37,357:INFO:Physical Core: 8
2025-06-11 13:55:37,357:INFO:Logical Core: 16
2025-06-11 13:55:37,357:INFO:Checking libraries
2025-06-11 13:55:37,357:INFO:System:
2025-06-11 13:55:37,357:INFO:    python: 3.10.0 (tags/v3.10.0:b494f59, Oct  4 2021, 19:00:18) [MSC v.1929 64 bit (AMD64)]
2025-06-11 13:55:37,357:INFO:executable: D:\python-3.10\python.exe
2025-06-11 13:55:37,357:INFO:   machine: Windows-10-10.0.19045-SP0
2025-06-11 13:55:37,357:INFO:PyCaret required dependencies:
2025-06-11 13:55:37,431:INFO:                 pip: 25.1.1
2025-06-11 13:55:37,431:INFO:          setuptools: 57.4.0
2025-06-11 13:55:37,431:INFO:             pycaret: 3.3.2
2025-06-11 13:55:37,431:INFO:             IPython: 8.37.0
2025-06-11 13:55:37,431:INFO:          ipywidgets: 8.1.7
2025-06-11 13:55:37,431:INFO:                tqdm: 4.67.1
2025-06-11 13:55:37,431:INFO:               numpy: 1.26.4
2025-06-11 13:55:37,431:INFO:              pandas: 2.1.4
2025-06-11 13:55:37,431:INFO:              jinja2: 3.1.6
2025-06-11 13:55:37,431:INFO:               scipy: 1.11.4
2025-06-11 13:55:37,431:INFO:              joblib: 1.3.2
2025-06-11 13:55:37,431:INFO:             sklearn: 1.4.2
2025-06-11 13:55:37,431:INFO:                pyod: 2.0.5
2025-06-11 13:55:37,431:INFO:            imblearn: 0.13.0
2025-06-11 13:55:37,431:INFO:   category_encoders: 2.7.0
2025-06-11 13:55:37,431:INFO:            lightgbm: 4.6.0
2025-06-11 13:55:37,431:INFO:               numba: 0.61.2
2025-06-11 13:55:37,431:INFO:            requests: 2.32.4
2025-06-11 13:55:37,431:INFO:          matplotlib: 3.7.5
2025-06-11 13:55:37,431:INFO:          scikitplot: 0.3.7
2025-06-11 13:55:37,431:INFO:         yellowbrick: 1.5
2025-06-11 13:55:37,431:INFO:              plotly: 5.24.1
2025-06-11 13:55:37,431:INFO:    plotly-resampler: Not installed
2025-06-11 13:55:37,431:INFO:             kaleido: 0.2.1
2025-06-11 13:55:37,431:INFO:           schemdraw: 0.15
2025-06-11 13:55:37,431:INFO:         statsmodels: 0.14.4
2025-06-11 13:55:37,431:INFO:              sktime: 0.26.0
2025-06-11 13:55:37,431:INFO:               tbats: 1.1.3
2025-06-11 13:55:37,431:INFO:            pmdarima: 2.0.4
2025-06-11 13:55:37,431:INFO:              psutil: 7.0.0
2025-06-11 13:55:37,432:INFO:          markupsafe: 3.0.2
2025-06-11 13:55:37,432:INFO:             pickle5: Not installed
2025-06-11 13:55:37,432:INFO:         cloudpickle: 3.1.1
2025-06-11 13:55:37,432:INFO:         deprecation: 2.1.0
2025-06-11 13:55:37,432:INFO:              xxhash: 3.5.0
2025-06-11 13:55:37,432:INFO:           wurlitzer: Not installed
2025-06-11 13:55:37,432:INFO:PyCaret optional dependencies:
2025-06-11 13:55:37,585:INFO:                shap: Not installed
2025-06-11 13:55:37,585:INFO:           interpret: Not installed
2025-06-11 13:55:37,585:INFO:                umap: Not installed
2025-06-11 13:55:37,585:INFO:     ydata_profiling: Not installed
2025-06-11 13:55:37,585:INFO:  explainerdashboard: Not installed
2025-06-11 13:55:37,585:INFO:             autoviz: Not installed
2025-06-11 13:55:37,585:INFO:           fairlearn: Not installed
2025-06-11 13:55:37,585:INFO:          deepchecks: Not installed
2025-06-11 13:55:37,585:INFO:             xgboost: Not installed
2025-06-11 13:55:37,585:INFO:            catboost: Not installed
2025-06-11 13:55:37,585:INFO:              kmodes: Not installed
2025-06-11 13:55:37,585:INFO:             mlxtend: Not installed
2025-06-11 13:55:37,585:INFO:       statsforecast: Not installed
2025-06-11 13:55:37,585:INFO:        tune_sklearn: Not installed
2025-06-11 13:55:37,585:INFO:                 ray: Not installed
2025-06-11 13:55:37,585:INFO:            hyperopt: Not installed
2025-06-11 13:55:37,585:INFO:              optuna: Not installed
2025-06-11 13:55:37,585:INFO:               skopt: Not installed
2025-06-11 13:55:37,585:INFO:              mlflow: 3.1.0
2025-06-11 13:55:37,585:INFO:              gradio: Not installed
2025-06-11 13:55:37,585:INFO:             fastapi: 0.115.12
2025-06-11 13:55:37,585:INFO:             uvicorn: 0.34.3
2025-06-11 13:55:37,585:INFO:              m2cgen: Not installed
2025-06-11 13:55:37,585:INFO:           evidently: Not installed
2025-06-11 13:55:37,585:INFO:               fugue: Not installed
2025-06-11 13:55:37,585:INFO:           streamlit: Not installed
2025-06-11 13:55:37,585:INFO:             prophet: Not installed
2025-06-11 13:55:37,585:INFO:None
2025-06-11 13:55:37,585:INFO:Set up data.
2025-06-11 13:55:37,588:INFO:Set up folding strategy.
2025-06-11 13:55:37,588:INFO:Set up train/test split.
2025-06-11 13:55:37,590:INFO:Set up index.
2025-06-11 13:55:37,590:INFO:Assigning column types.
2025-06-11 13:55:37,592:INFO:Engine successfully changes for model 'lr' to 'sklearn'.
2025-06-11 13:55:37,592:INFO:Engine for model 'lasso' has not been set explicitly, hence returning None.
2025-06-11 13:55:37,595:INFO:Engine for model 'ridge' has not been set explicitly, hence returning None.
2025-06-11 13:55:37,598:INFO:Engine for model 'en' has not been set explicitly, hence returning None.
2025-06-11 13:55:37,638:INFO:Engine for model 'svm' has not been set explicitly, hence returning None.
2025-06-11 13:55:37,668:INFO:Engine for model 'knn' has not been set explicitly, hence returning None.
2025-06-11 13:55:37,668:WARNING:
'xgboost' is a soft dependency and not included in the pycaret installation. Please run: `pip install xgboost` to install.
Alternately, you can install this by running `pip install pycaret[models]`
2025-06-11 13:55:37,668:WARNING:
'catboost' is a soft dependency and not included in the pycaret installation. Please run: `pip install catboost` to install.
Alternately, you can install this by running `pip install pycaret[models]`
2025-06-11 13:55:37,668:INFO:Engine for model 'lasso' has not been set explicitly, hence returning None.
2025-06-11 13:55:37,672:INFO:Engine for model 'ridge' has not been set explicitly, hence returning None.
2025-06-11 13:55:37,675:INFO:Engine for model 'en' has not been set explicitly, hence returning None.
2025-06-11 13:55:37,713:INFO:Engine for model 'svm' has not been set explicitly, hence returning None.
2025-06-11 13:55:37,744:INFO:Engine for model 'knn' has not been set explicitly, hence returning None.
2025-06-11 13:55:37,745:WARNING:
'xgboost' is a soft dependency and not included in the pycaret installation. Please run: `pip install xgboost` to install.
Alternately, you can install this by running `pip install pycaret[models]`
2025-06-11 13:55:37,745:WARNING:
'catboost' is a soft dependency and not included in the pycaret installation. Please run: `pip install catboost` to install.
Alternately, you can install this by running `pip install pycaret[models]`
2025-06-11 13:55:37,745:INFO:Engine successfully changes for model 'lasso' to 'sklearn'.
2025-06-11 13:55:37,748:INFO:Engine for model 'ridge' has not been set explicitly, hence returning None.
2025-06-11 13:55:37,751:INFO:Engine for model 'en' has not been set explicitly, hence returning None.
2025-06-11 13:55:37,790:INFO:Engine for model 'svm' has not been set explicitly, hence returning None.
2025-06-11 13:55:37,820:INFO:Engine for model 'knn' has not been set explicitly, hence returning None.
2025-06-11 13:55:37,820:WARNING:
'xgboost' is a soft dependency and not included in the pycaret installation. Please run: `pip install xgboost` to install.
Alternately, you can install this by running `pip install pycaret[models]`
2025-06-11 13:55:37,820:WARNING:
'catboost' is a soft dependency and not included in the pycaret installation. Please run: `pip install catboost` to install.
Alternately, you can install this by running `pip install pycaret[models]`
2025-06-11 13:55:37,824:INFO:Engine for model 'ridge' has not been set explicitly, hence returning None.
2025-06-11 13:55:37,827:INFO:Engine for model 'en' has not been set explicitly, hence returning None.
2025-06-11 13:55:37,866:INFO:Engine for model 'svm' has not been set explicitly, hence returning None.
2025-06-11 13:55:37,897:INFO:Engine for model 'knn' has not been set explicitly, hence returning None.
2025-06-11 13:55:37,897:WARNING:
'xgboost' is a soft dependency and not included in the pycaret installation. Please run: `pip install xgboost` to install.
Alternately, you can install this by running `pip install pycaret[models]`
2025-06-11 13:55:37,897:WARNING:
'catboost' is a soft dependency and not included in the pycaret installation. Please run: `pip install catboost` to install.
Alternately, you can install this by running `pip install pycaret[models]`
2025-06-11 13:55:37,897:INFO:Engine successfully changes for model 'ridge' to 'sklearn'.
2025-06-11 13:55:37,904:INFO:Engine for model 'en' has not been set explicitly, hence returning None.
2025-06-11 13:55:37,943:INFO:Engine for model 'svm' has not been set explicitly, hence returning None.
2025-06-11 13:55:37,974:INFO:Engine for model 'knn' has not been set explicitly, hence returning None.
2025-06-11 13:55:37,974:WARNING:
'xgboost' is a soft dependency and not included in the pycaret installation. Please run: `pip install xgboost` to install.
Alternately, you can install this by running `pip install pycaret[models]`
2025-06-11 13:55:37,974:WARNING:
'catboost' is a soft dependency and not included in the pycaret installation. Please run: `pip install catboost` to install.
Alternately, you can install this by running `pip install pycaret[models]`
2025-06-11 13:55:37,980:INFO:Engine for model 'en' has not been set explicitly, hence returning None.
2025-06-11 13:55:38,020:INFO:Engine for model 'svm' has not been set explicitly, hence returning None.
2025-06-11 13:55:38,050:INFO:Engine for model 'knn' has not been set explicitly, hence returning None.
2025-06-11 13:55:38,050:WARNING:
'xgboost' is a soft dependency and not included in the pycaret installation. Please run: `pip install xgboost` to install.
Alternately, you can install this by running `pip install pycaret[models]`
2025-06-11 13:55:38,050:WARNING:
'catboost' is a soft dependency and not included in the pycaret installation. Please run: `pip install catboost` to install.
Alternately, you can install this by running `pip install pycaret[models]`
2025-06-11 13:55:38,051:INFO:Engine successfully changes for model 'en' to 'sklearn'.
2025-06-11 13:55:38,096:INFO:Engine for model 'svm' has not been set explicitly, hence returning None.
2025-06-11 13:55:38,127:INFO:Engine for model 'knn' has not been set explicitly, hence returning None.
2025-06-11 13:55:38,127:WARNING:
'xgboost' is a soft dependency and not included in the pycaret installation. Please run: `pip install xgboost` to install.
Alternately, you can install this by running `pip install pycaret[models]`
2025-06-11 13:55:38,127:WARNING:
'catboost' is a soft dependency and not included in the pycaret installation. Please run: `pip install catboost` to install.
Alternately, you can install this by running `pip install pycaret[models]`
2025-06-11 13:55:38,172:INFO:Engine for model 'svm' has not been set explicitly, hence returning None.
2025-06-11 13:55:38,203:INFO:Engine for model 'knn' has not been set explicitly, hence returning None.
2025-06-11 13:55:38,203:WARNING:
'xgboost' is a soft dependency and not included in the pycaret installation. Please run: `pip install xgboost` to install.
Alternately, you can install this by running `pip install pycaret[models]`
2025-06-11 13:55:38,204:WARNING:
'catboost' is a soft dependency and not included in the pycaret installation. Please run: `pip install catboost` to install.
Alternately, you can install this by running `pip install pycaret[models]`
2025-06-11 13:55:38,204:INFO:Engine successfully changes for model 'knn' to 'sklearn'.
2025-06-11 13:55:38,248:INFO:Engine for model 'svm' has not been set explicitly, hence returning None.
2025-06-11 13:55:38,279:WARNING:
'xgboost' is a soft dependency and not included in the pycaret installation. Please run: `pip install xgboost` to install.
Alternately, you can install this by running `pip install pycaret[models]`
2025-06-11 13:55:38,279:WARNING:
'catboost' is a soft dependency and not included in the pycaret installation. Please run: `pip install catboost` to install.
Alternately, you can install this by running `pip install pycaret[models]`
2025-06-11 13:55:38,324:INFO:Engine for model 'svm' has not been set explicitly, hence returning None.
2025-06-11 13:55:38,355:WARNING:
'xgboost' is a soft dependency and not included in the pycaret installation. Please run: `pip install xgboost` to install.
Alternately, you can install this by running `pip install pycaret[models]`
2025-06-11 13:55:38,355:WARNING:
'catboost' is a soft dependency and not included in the pycaret installation. Please run: `pip install catboost` to install.
Alternately, you can install this by running `pip install pycaret[models]`
2025-06-11 13:55:38,356:INFO:Engine successfully changes for model 'svm' to 'sklearn'.
2025-06-11 13:55:38,430:WARNING:
'xgboost' is a soft dependency and not included in the pycaret installation. Please run: `pip install xgboost` to install.
Alternately, you can install this by running `pip install pycaret[models]`
2025-06-11 13:55:38,431:WARNING:
'catboost' is a soft dependency and not included in the pycaret installation. Please run: `pip install catboost` to install.
Alternately, you can install this by running `pip install pycaret[models]`
2025-06-11 13:55:38,507:WARNING:
'xgboost' is a soft dependency and not included in the pycaret installation. Please run: `pip install xgboost` to install.
Alternately, you can install this by running `pip install pycaret[models]`
2025-06-11 13:55:38,507:WARNING:
'catboost' is a soft dependency and not included in the pycaret installation. Please run: `pip install catboost` to install.
Alternately, you can install this by running `pip install pycaret[models]`
2025-06-11 13:55:38,509:INFO:Preparing preprocessing pipeline...
2025-06-11 13:55:38,509:INFO:Set up simple imputation.
2025-06-11 13:55:38,521:INFO:Finished creating preprocessing pipeline.
2025-06-11 13:55:38,524:INFO:Pipeline: Pipeline(memory=FastMemory(location=C:\Users\Igor\AppData\Local\Temp\joblib),
         steps=[('numerical_imputer',
                 TransformerWrapper(include=['X', 'Y', 'Z'],
                                    transformer=SimpleImputer())),
                ('categorical_imputer',
                 TransformerWrapper(include=[],
                                    transformer=SimpleImputer(strategy='most_frequent')))])
2025-06-11 13:55:38,524:INFO:Creating final display dataframe.
2025-06-11 13:55:38,559:INFO:Setup _display_container:                     Description                Value
0                    Session id                  123
1                        Target          Propriedade
2                   Target type           Regression
3           Original data shape            (2187, 4)
4        Transformed data shape            (2187, 4)
5   Transformed train set shape            (1530, 4)
6    Transformed test set shape             (657, 4)
7              Numeric features                    3
8                    Preprocess                 True
9               Imputation type               simple
10           Numeric imputation                 mean
11       Categorical imputation                 mode
12               Fold Generator                KFold
13                  Fold Number                   10
14                     CPU Jobs                   -1
15                      Use GPU                False
16               Log Experiment         MlflowLogger
17              Experiment Name  projeto_aula4_mlops
18                          USI                 a042
2025-06-11 13:55:38,635:WARNING:
'xgboost' is a soft dependency and not included in the pycaret installation. Please run: `pip install xgboost` to install.
Alternately, you can install this by running `pip install pycaret[models]`
2025-06-11 13:55:38,635:WARNING:
'catboost' is a soft dependency and not included in the pycaret installation. Please run: `pip install catboost` to install.
Alternately, you can install this by running `pip install pycaret[models]`
2025-06-11 13:55:38,711:WARNING:
'xgboost' is a soft dependency and not included in the pycaret installation. Please run: `pip install xgboost` to install.
Alternately, you can install this by running `pip install pycaret[models]`
2025-06-11 13:55:38,711:WARNING:
'catboost' is a soft dependency and not included in the pycaret installation. Please run: `pip install catboost` to install.
Alternately, you can install this by running `pip install pycaret[models]`
2025-06-11 13:55:38,711:INFO:Logging experiment in loggers
2025-06-11 14:00:39,490:WARNING:
'cuml' is a soft dependency and not included in the pycaret installation. Please run: `pip install cuml` to install.
2025-06-11 14:00:39,490:WARNING:
'cuml' is a soft dependency and not included in the pycaret installation. Please run: `pip install cuml` to install.
2025-06-11 14:00:39,490:WARNING:
'cuml' is a soft dependency and not included in the pycaret installation. Please run: `pip install cuml` to install.
2025-06-11 14:00:39,490:WARNING:
'cuml' is a soft dependency and not included in the pycaret installation. Please run: `pip install cuml` to install.
2025-06-11 14:00:57,875:INFO:PyCaret RegressionExperiment
2025-06-11 14:00:57,875:INFO:Logging name: projeto_aula4_mlops
2025-06-11 14:00:57,876:INFO:ML Usecase: MLUsecase.REGRESSION
2025-06-11 14:00:57,876:INFO:version 3.3.2
2025-06-11 14:00:57,876:INFO:Initializing setup()
2025-06-11 14:00:57,876:INFO:self.USI: a325
2025-06-11 14:00:57,876:INFO:self._variable_keys: {'gpu_n_jobs_param', 'html_param', 'data', 'fold_shuffle_param', '_available_plots', '_ml_usecase', 'memory', 'exp_name_log', 'X_test', 'transform_target_param', 'exp_id', 'y_train', 'log_plots_param', 'y', 'target_param', 'y_test', 'idx', 'pipeline', 'X', 'fold_generator', 'fold_groups_param', 'USI', 'X_train', 'gpu_param', 'n_jobs_param', 'logging_param', 'seed'}
2025-06-11 14:00:57,876:INFO:Checking environment
2025-06-11 14:00:57,876:INFO:python_version: 3.10.0
2025-06-11 14:00:57,876:INFO:python_build: ('tags/v3.10.0:b494f59', 'Oct  4 2021 19:00:18')
2025-06-11 14:00:57,876:INFO:machine: AMD64
2025-06-11 14:00:57,880:INFO:platform: Windows-10-10.0.19045-SP0
2025-06-11 14:00:57,884:INFO:Memory: svmem(total=34280939520, available=23253938176, percent=32.2, used=11027001344, free=23253938176)
2025-06-11 14:00:57,884:INFO:Physical Core: 8
2025-06-11 14:00:57,884:INFO:Logical Core: 16
2025-06-11 14:00:57,884:INFO:Checking libraries
2025-06-11 14:00:57,884:INFO:System:
2025-06-11 14:00:57,884:INFO:    python: 3.10.0 (tags/v3.10.0:b494f59, Oct  4 2021, 19:00:18) [MSC v.1929 64 bit (AMD64)]
2025-06-11 14:00:57,884:INFO:executable: D:\python-3.10\python.exe
2025-06-11 14:00:57,884:INFO:   machine: Windows-10-10.0.19045-SP0
2025-06-11 14:00:57,884:INFO:PyCaret required dependencies:
2025-06-11 14:00:57,924:INFO:                 pip: 25.1.1
2025-06-11 14:00:57,924:INFO:          setuptools: 57.4.0
2025-06-11 14:00:57,924:INFO:             pycaret: 3.3.2
2025-06-11 14:00:57,924:INFO:             IPython: 8.37.0
2025-06-11 14:00:57,924:INFO:          ipywidgets: 8.1.7
2025-06-11 14:00:57,924:INFO:                tqdm: 4.67.1
2025-06-11 14:00:57,924:INFO:               numpy: 1.26.4
2025-06-11 14:00:57,924:INFO:              pandas: 2.1.4
2025-06-11 14:00:57,924:INFO:              jinja2: 3.1.6
2025-06-11 14:00:57,924:INFO:               scipy: 1.11.4
2025-06-11 14:00:57,924:INFO:              joblib: 1.3.2
2025-06-11 14:00:57,924:INFO:             sklearn: 1.4.2
2025-06-11 14:00:57,924:INFO:                pyod: 2.0.5
2025-06-11 14:00:57,924:INFO:            imblearn: 0.13.0
2025-06-11 14:00:57,924:INFO:   category_encoders: 2.7.0
2025-06-11 14:00:57,924:INFO:            lightgbm: 4.6.0
2025-06-11 14:00:57,924:INFO:               numba: 0.61.2
2025-06-11 14:00:57,924:INFO:            requests: 2.32.4
2025-06-11 14:00:57,924:INFO:          matplotlib: 3.7.5
2025-06-11 14:00:57,925:INFO:          scikitplot: 0.3.7
2025-06-11 14:00:57,925:INFO:         yellowbrick: 1.5
2025-06-11 14:00:57,925:INFO:              plotly: 5.24.1
2025-06-11 14:00:57,925:INFO:    plotly-resampler: Not installed
2025-06-11 14:00:57,925:INFO:             kaleido: 0.2.1
2025-06-11 14:00:57,925:INFO:           schemdraw: 0.15
2025-06-11 14:00:57,925:INFO:         statsmodels: 0.14.4
2025-06-11 14:00:57,925:INFO:              sktime: 0.26.0
2025-06-11 14:00:57,925:INFO:               tbats: 1.1.3
2025-06-11 14:00:57,925:INFO:            pmdarima: 2.0.4
2025-06-11 14:00:57,925:INFO:              psutil: 7.0.0
2025-06-11 14:00:57,925:INFO:          markupsafe: 3.0.2
2025-06-11 14:00:57,925:INFO:             pickle5: Not installed
2025-06-11 14:00:57,925:INFO:         cloudpickle: 2.2.1
2025-06-11 14:00:57,925:INFO:         deprecation: 2.1.0
2025-06-11 14:00:57,925:INFO:              xxhash: 3.5.0
2025-06-11 14:00:57,925:INFO:           wurlitzer: Not installed
2025-06-11 14:00:57,925:INFO:PyCaret optional dependencies:
2025-06-11 14:00:58,145:INFO:                shap: Not installed
2025-06-11 14:00:58,145:INFO:           interpret: Not installed
2025-06-11 14:00:58,145:INFO:                umap: Not installed
2025-06-11 14:00:58,145:INFO:     ydata_profiling: Not installed
2025-06-11 14:00:58,145:INFO:  explainerdashboard: Not installed
2025-06-11 14:00:58,145:INFO:             autoviz: Not installed
2025-06-11 14:00:58,145:INFO:           fairlearn: Not installed
2025-06-11 14:00:58,145:INFO:          deepchecks: Not installed
2025-06-11 14:00:58,145:INFO:             xgboost: Not installed
2025-06-11 14:00:58,145:INFO:            catboost: Not installed
2025-06-11 14:00:58,145:INFO:              kmodes: Not installed
2025-06-11 14:00:58,145:INFO:             mlxtend: Not installed
2025-06-11 14:00:58,145:INFO:       statsforecast: Not installed
2025-06-11 14:00:58,145:INFO:        tune_sklearn: Not installed
2025-06-11 14:00:58,145:INFO:                 ray: Not installed
2025-06-11 14:00:58,145:INFO:            hyperopt: Not installed
2025-06-11 14:00:58,145:INFO:              optuna: Not installed
2025-06-11 14:00:58,145:INFO:               skopt: Not installed
2025-06-11 14:00:58,145:INFO:              mlflow: 3.1.0
2025-06-11 14:00:58,145:INFO:              gradio: Not installed
2025-06-11 14:00:58,145:INFO:             fastapi: 0.115.12
2025-06-11 14:00:58,145:INFO:             uvicorn: 0.34.3
2025-06-11 14:00:58,145:INFO:              m2cgen: Not installed
2025-06-11 14:00:58,145:INFO:           evidently: Not installed
2025-06-11 14:00:58,145:INFO:               fugue: Not installed
2025-06-11 14:00:58,145:INFO:           streamlit: Not installed
2025-06-11 14:00:58,145:INFO:             prophet: Not installed
2025-06-11 14:00:58,145:INFO:None
2025-06-11 14:00:58,145:INFO:Set up data.
2025-06-11 14:00:58,148:INFO:Set up folding strategy.
2025-06-11 14:00:58,148:INFO:Set up train/test split.
2025-06-11 14:00:58,150:INFO:Set up index.
2025-06-11 14:00:58,150:INFO:Assigning column types.
2025-06-11 14:00:58,152:INFO:Engine successfully changes for model 'lr' to 'sklearn'.
2025-06-11 14:00:58,152:INFO:Engine for model 'lasso' has not been set explicitly, hence returning None.
2025-06-11 14:00:58,155:INFO:Engine for model 'ridge' has not been set explicitly, hence returning None.
2025-06-11 14:00:58,159:INFO:Engine for model 'en' has not been set explicitly, hence returning None.
2025-06-11 14:00:58,199:INFO:Engine for model 'svm' has not been set explicitly, hence returning None.
2025-06-11 14:00:58,230:INFO:Engine for model 'knn' has not been set explicitly, hence returning None.
2025-06-11 14:00:58,230:WARNING:
'xgboost' is a soft dependency and not included in the pycaret installation. Please run: `pip install xgboost` to install.
Alternately, you can install this by running `pip install pycaret[models]`
2025-06-11 14:00:58,230:WARNING:
'catboost' is a soft dependency and not included in the pycaret installation. Please run: `pip install catboost` to install.
Alternately, you can install this by running `pip install pycaret[models]`
2025-06-11 14:00:58,231:INFO:Engine for model 'lasso' has not been set explicitly, hence returning None.
2025-06-11 14:00:58,234:INFO:Engine for model 'ridge' has not been set explicitly, hence returning None.
2025-06-11 14:00:58,237:INFO:Engine for model 'en' has not been set explicitly, hence returning None.
2025-06-11 14:00:58,277:INFO:Engine for model 'svm' has not been set explicitly, hence returning None.
2025-06-11 14:00:58,308:INFO:Engine for model 'knn' has not been set explicitly, hence returning None.
2025-06-11 14:00:58,309:WARNING:
'xgboost' is a soft dependency and not included in the pycaret installation. Please run: `pip install xgboost` to install.
Alternately, you can install this by running `pip install pycaret[models]`
2025-06-11 14:00:58,309:WARNING:
'catboost' is a soft dependency and not included in the pycaret installation. Please run: `pip install catboost` to install.
Alternately, you can install this by running `pip install pycaret[models]`
2025-06-11 14:00:58,309:INFO:Engine successfully changes for model 'lasso' to 'sklearn'.
2025-06-11 14:00:58,312:INFO:Engine for model 'ridge' has not been set explicitly, hence returning None.
2025-06-11 14:00:58,316:INFO:Engine for model 'en' has not been set explicitly, hence returning None.
2025-06-11 14:00:58,355:INFO:Engine for model 'svm' has not been set explicitly, hence returning None.
2025-06-11 14:00:58,387:INFO:Engine for model 'knn' has not been set explicitly, hence returning None.
2025-06-11 14:00:58,387:WARNING:
'xgboost' is a soft dependency and not included in the pycaret installation. Please run: `pip install xgboost` to install.
Alternately, you can install this by running `pip install pycaret[models]`
2025-06-11 14:00:58,387:WARNING:
'catboost' is a soft dependency and not included in the pycaret installation. Please run: `pip install catboost` to install.
Alternately, you can install this by running `pip install pycaret[models]`
2025-06-11 14:00:58,391:INFO:Engine for model 'ridge' has not been set explicitly, hence returning None.
2025-06-11 14:00:58,394:INFO:Engine for model 'en' has not been set explicitly, hence returning None.
2025-06-11 14:00:58,434:INFO:Engine for model 'svm' has not been set explicitly, hence returning None.
2025-06-11 14:00:58,465:INFO:Engine for model 'knn' has not been set explicitly, hence returning None.
2025-06-11 14:00:58,465:WARNING:
'xgboost' is a soft dependency and not included in the pycaret installation. Please run: `pip install xgboost` to install.
Alternately, you can install this by running `pip install pycaret[models]`
2025-06-11 14:00:58,465:WARNING:
'catboost' is a soft dependency and not included in the pycaret installation. Please run: `pip install catboost` to install.
Alternately, you can install this by running `pip install pycaret[models]`
2025-06-11 14:00:58,466:INFO:Engine successfully changes for model 'ridge' to 'sklearn'.
2025-06-11 14:00:58,472:INFO:Engine for model 'en' has not been set explicitly, hence returning None.
2025-06-11 14:00:58,511:INFO:Engine for model 'svm' has not been set explicitly, hence returning None.
2025-06-11 14:00:58,543:INFO:Engine for model 'knn' has not been set explicitly, hence returning None.
2025-06-11 14:00:58,544:WARNING:
'xgboost' is a soft dependency and not included in the pycaret installation. Please run: `pip install xgboost` to install.
Alternately, you can install this by running `pip install pycaret[models]`
2025-06-11 14:00:58,544:WARNING:
'catboost' is a soft dependency and not included in the pycaret installation. Please run: `pip install catboost` to install.
Alternately, you can install this by running `pip install pycaret[models]`
2025-06-11 14:00:58,551:INFO:Engine for model 'en' has not been set explicitly, hence returning None.
2025-06-11 14:00:58,591:INFO:Engine for model 'svm' has not been set explicitly, hence returning None.
2025-06-11 14:00:58,622:INFO:Engine for model 'knn' has not been set explicitly, hence returning None.
2025-06-11 14:00:58,623:WARNING:
'xgboost' is a soft dependency and not included in the pycaret installation. Please run: `pip install xgboost` to install.
Alternately, you can install this by running `pip install pycaret[models]`
2025-06-11 14:00:58,624:WARNING:
'catboost' is a soft dependency and not included in the pycaret installation. Please run: `pip install catboost` to install.
Alternately, you can install this by running `pip install pycaret[models]`
2025-06-11 14:00:58,625:INFO:Engine successfully changes for model 'en' to 'sklearn'.
2025-06-11 14:00:58,670:INFO:Engine for model 'svm' has not been set explicitly, hence returning None.
2025-06-11 14:00:58,701:INFO:Engine for model 'knn' has not been set explicitly, hence returning None.
2025-06-11 14:00:58,702:WARNING:
'xgboost' is a soft dependency and not included in the pycaret installation. Please run: `pip install xgboost` to install.
Alternately, you can install this by running `pip install pycaret[models]`
2025-06-11 14:00:58,702:WARNING:
'catboost' is a soft dependency and not included in the pycaret installation. Please run: `pip install catboost` to install.
Alternately, you can install this by running `pip install pycaret[models]`
2025-06-11 14:00:58,748:INFO:Engine for model 'svm' has not been set explicitly, hence returning None.
2025-06-11 14:00:58,779:INFO:Engine for model 'knn' has not been set explicitly, hence returning None.
2025-06-11 14:00:58,780:WARNING:
'xgboost' is a soft dependency and not included in the pycaret installation. Please run: `pip install xgboost` to install.
Alternately, you can install this by running `pip install pycaret[models]`
2025-06-11 14:00:58,780:WARNING:
'catboost' is a soft dependency and not included in the pycaret installation. Please run: `pip install catboost` to install.
Alternately, you can install this by running `pip install pycaret[models]`
2025-06-11 14:00:58,780:INFO:Engine successfully changes for model 'knn' to 'sklearn'.
2025-06-11 14:00:58,826:INFO:Engine for model 'svm' has not been set explicitly, hence returning None.
2025-06-11 14:00:58,857:WARNING:
'xgboost' is a soft dependency and not included in the pycaret installation. Please run: `pip install xgboost` to install.
Alternately, you can install this by running `pip install pycaret[models]`
2025-06-11 14:00:58,858:WARNING:
'catboost' is a soft dependency and not included in the pycaret installation. Please run: `pip install catboost` to install.
Alternately, you can install this by running `pip install pycaret[models]`
2025-06-11 14:00:58,905:INFO:Engine for model 'svm' has not been set explicitly, hence returning None.
2025-06-11 14:00:58,937:WARNING:
'xgboost' is a soft dependency and not included in the pycaret installation. Please run: `pip install xgboost` to install.
Alternately, you can install this by running `pip install pycaret[models]`
2025-06-11 14:00:58,937:WARNING:
'catboost' is a soft dependency and not included in the pycaret installation. Please run: `pip install catboost` to install.
Alternately, you can install this by running `pip install pycaret[models]`
2025-06-11 14:00:58,937:INFO:Engine successfully changes for model 'svm' to 'sklearn'.
2025-06-11 14:00:59,016:WARNING:
'xgboost' is a soft dependency and not included in the pycaret installation. Please run: `pip install xgboost` to install.
Alternately, you can install this by running `pip install pycaret[models]`
2025-06-11 14:00:59,016:WARNING:
'catboost' is a soft dependency and not included in the pycaret installation. Please run: `pip install catboost` to install.
Alternately, you can install this by running `pip install pycaret[models]`
2025-06-11 14:00:59,094:WARNING:
'xgboost' is a soft dependency and not included in the pycaret installation. Please run: `pip install xgboost` to install.
Alternately, you can install this by running `pip install pycaret[models]`
2025-06-11 14:00:59,094:WARNING:
'catboost' is a soft dependency and not included in the pycaret installation. Please run: `pip install catboost` to install.
Alternately, you can install this by running `pip install pycaret[models]`
2025-06-11 14:00:59,096:INFO:Preparing preprocessing pipeline...
2025-06-11 14:00:59,096:INFO:Set up simple imputation.
2025-06-11 14:00:59,120:INFO:Finished creating preprocessing pipeline.
2025-06-11 14:00:59,123:INFO:Pipeline: Pipeline(memory=FastMemory(location=C:\Users\Igor\AppData\Local\Temp\joblib),
         steps=[('numerical_imputer',
                 TransformerWrapper(include=['X', 'Y', 'Z'],
                                    transformer=SimpleImputer())),
                ('categorical_imputer',
                 TransformerWrapper(include=[],
                                    transformer=SimpleImputer(strategy='most_frequent')))])
2025-06-11 14:00:59,123:INFO:Creating final display dataframe.
2025-06-11 14:00:59,164:INFO:Setup _display_container:                     Description                Value
0                    Session id                  123
1                        Target          Propriedade
2                   Target type           Regression
3           Original data shape            (2187, 4)
4        Transformed data shape            (2187, 4)
5   Transformed train set shape            (1530, 4)
6    Transformed test set shape             (657, 4)
7              Numeric features                    3
8                    Preprocess                 True
9               Imputation type               simple
10           Numeric imputation                 mean
11       Categorical imputation                 mode
12               Fold Generator                KFold
13                  Fold Number                   10
14                     CPU Jobs                   -1
15                      Use GPU                False
16               Log Experiment         MlflowLogger
17              Experiment Name  projeto_aula4_mlops
18                          USI                 a325
2025-06-11 14:00:59,242:WARNING:
'xgboost' is a soft dependency and not included in the pycaret installation. Please run: `pip install xgboost` to install.
Alternately, you can install this by running `pip install pycaret[models]`
2025-06-11 14:00:59,242:WARNING:
'catboost' is a soft dependency and not included in the pycaret installation. Please run: `pip install catboost` to install.
Alternately, you can install this by running `pip install pycaret[models]`
2025-06-11 14:00:59,319:WARNING:
'xgboost' is a soft dependency and not included in the pycaret installation. Please run: `pip install xgboost` to install.
Alternately, you can install this by running `pip install pycaret[models]`
2025-06-11 14:00:59,319:WARNING:
'catboost' is a soft dependency and not included in the pycaret installation. Please run: `pip install catboost` to install.
Alternately, you can install this by running `pip install pycaret[models]`
2025-06-11 14:00:59,320:INFO:Logging experiment in loggers
2025-06-11 14:00:59,396:INFO:SubProcess save_model() called ==================================
2025-06-11 14:00:59,400:INFO:Initializing save_model()
2025-06-11 14:00:59,400:INFO:save_model(model=Pipeline(memory=FastMemory(location=C:\Users\Igor\AppData\Local\Temp\joblib),
         steps=[('numerical_imputer',
                 TransformerWrapper(include=['X', 'Y', 'Z'],
                                    transformer=SimpleImputer())),
                ('categorical_imputer',
                 TransformerWrapper(include=[],
                                    transformer=SimpleImputer(strategy='most_frequent')))]), model_name=C:\Users\Igor\AppData\Local\Temp\tmplngks36w\Transformation Pipeline, prep_pipe_=Pipeline(memory=FastMemory(location=C:\Users\Igor\AppData\Local\Temp\joblib),
         steps=[('numerical_imputer',
                 TransformerWrapper(include=['X', 'Y', 'Z'],
                                    transformer=SimpleImputer())),
                ('categorical_imputer',
                 TransformerWrapper(include=[],
                                    transformer=SimpleImputer(strategy='most_frequent')))]), verbose=False, use_case=MLUsecase.REGRESSION, kwargs={})
2025-06-11 14:00:59,400:INFO:Adding model into prep_pipe
2025-06-11 14:00:59,400:WARNING:Only Model saved as it was a pipeline.
2025-06-11 14:00:59,402:INFO:C:\Users\Igor\AppData\Local\Temp\tmplngks36w\Transformation Pipeline.pkl saved in current working directory
2025-06-11 14:00:59,404:INFO:Pipeline(memory=FastMemory(location=C:\Users\Igor\AppData\Local\Temp\joblib),
         steps=[('numerical_imputer',
                 TransformerWrapper(include=['X', 'Y', 'Z'],
                                    transformer=SimpleImputer())),
                ('categorical_imputer',
                 TransformerWrapper(include=[],
                                    transformer=SimpleImputer(strategy='most_frequent')))])
2025-06-11 14:00:59,404:INFO:save_model() successfully completed......................................
2025-06-11 14:00:59,471:INFO:SubProcess save_model() end ==================================
2025-06-11 14:00:59,535:INFO:setup() successfully completed in 1.45s...............
2025-06-11 14:00:59,535:INFO:Initializing compare_models()
2025-06-11 14:00:59,535:INFO:compare_models(self=<pycaret.regression.oop.RegressionExperiment object at 0x000001C7021F1E10>, include=None, fold=None, round=4, cross_validation=True, sort=RMSE, n_select=1, budget_time=None, turbo=True, errors=ignore, fit_kwargs=None, groups=None, experiment_custom_tags=None, probability_threshold=None, verbose=True, parallel=None, caller_params={'self': <pycaret.regression.oop.RegressionExperiment object at 0x000001C7021F1E10>, 'include': None, 'exclude': None, 'fold': None, 'round': 4, 'cross_validation': True, 'sort': 'RMSE', 'n_select': 1, 'budget_time': None, 'turbo': True, 'errors': 'ignore', 'fit_kwargs': None, 'groups': None, 'experiment_custom_tags': None, 'engine': None, 'verbose': True, 'parallel': None, '__class__': <class 'pycaret.regression.oop.RegressionExperiment'>}, exclude=None)
2025-06-11 14:00:59,535:INFO:Checking exceptions
2025-06-11 14:00:59,536:INFO:Preparing display monitor
2025-06-11 14:00:59,538:INFO:Initializing Linear Regression
2025-06-11 14:00:59,538:INFO:Total runtime is 0.0 minutes
2025-06-11 14:00:59,538:INFO:SubProcess create_model() called ==================================
2025-06-11 14:00:59,538:INFO:Initializing create_model()
2025-06-11 14:00:59,538:INFO:create_model(self=<pycaret.regression.oop.RegressionExperiment object at 0x000001C7021F1E10>, estimator=lr, fold=KFold(n_splits=10, random_state=None, shuffle=False), round=4, cross_validation=True, predict=True, fit_kwargs={}, groups=None, refit=False, probability_threshold=None, experiment_custom_tags=None, verbose=False, system=False, add_to_model_list=True, metrics=None, display=<pycaret.internal.display.display.CommonDisplay object at 0x000001C7032578E0>, model_only=True, return_train_score=False, error_score=0.0, kwargs={})
2025-06-11 14:00:59,538:INFO:Checking exceptions
2025-06-11 14:00:59,538:INFO:Importing libraries
2025-06-11 14:00:59,538:INFO:Copying training dataset
2025-06-11 14:00:59,540:INFO:Defining folds
2025-06-11 14:00:59,540:INFO:Declaring metric variables
2025-06-11 14:00:59,541:INFO:Importing untrained model
2025-06-11 14:00:59,541:INFO:Linear Regression Imported successfully
2025-06-11 14:00:59,541:INFO:Starting cross validation
2025-06-11 14:00:59,544:INFO:Cross validating with KFold(n_splits=10, random_state=None, shuffle=False), n_jobs=-1
2025-06-11 14:01:02,149:INFO:Calculating mean and std
2025-06-11 14:01:02,151:INFO:Creating metrics dataframe
2025-06-11 14:01:02,153:INFO:Uploading results into container
2025-06-11 14:01:02,154:INFO:Uploading model into container now
2025-06-11 14:01:02,154:INFO:_master_model_container: 1
2025-06-11 14:01:02,154:INFO:_display_container: 2
2025-06-11 14:01:02,155:INFO:LinearRegression(n_jobs=-1)
2025-06-11 14:01:02,155:INFO:create_model() successfully completed......................................
2025-06-11 14:01:02,265:INFO:SubProcess create_model() end ==================================
2025-06-11 14:01:02,265:INFO:Creating metrics dataframe
2025-06-11 14:01:02,267:INFO:Initializing Lasso Regression
2025-06-11 14:01:02,267:INFO:Total runtime is 0.04548362096150716 minutes
2025-06-11 14:01:02,267:INFO:SubProcess create_model() called ==================================
2025-06-11 14:01:02,267:INFO:Initializing create_model()
2025-06-11 14:01:02,267:INFO:create_model(self=<pycaret.regression.oop.RegressionExperiment object at 0x000001C7021F1E10>, estimator=lasso, fold=KFold(n_splits=10, random_state=None, shuffle=False), round=4, cross_validation=True, predict=True, fit_kwargs={}, groups=None, refit=False, probability_threshold=None, experiment_custom_tags=None, verbose=False, system=False, add_to_model_list=True, metrics=None, display=<pycaret.internal.display.display.CommonDisplay object at 0x000001C7032578E0>, model_only=True, return_train_score=False, error_score=0.0, kwargs={})
2025-06-11 14:01:02,267:INFO:Checking exceptions
2025-06-11 14:01:02,267:INFO:Importing libraries
2025-06-11 14:01:02,267:INFO:Copying training dataset
2025-06-11 14:01:02,269:INFO:Defining folds
2025-06-11 14:01:02,269:INFO:Declaring metric variables
2025-06-11 14:01:02,269:INFO:Importing untrained model
2025-06-11 14:01:02,270:INFO:Lasso Regression Imported successfully
2025-06-11 14:01:02,270:INFO:Starting cross validation
2025-06-11 14:01:02,270:INFO:Cross validating with KFold(n_splits=10, random_state=None, shuffle=False), n_jobs=-1
2025-06-11 14:01:03,902:INFO:Calculating mean and std
2025-06-11 14:01:03,903:INFO:Creating metrics dataframe
2025-06-11 14:01:03,905:INFO:Uploading results into container
2025-06-11 14:01:03,905:INFO:Uploading model into container now
2025-06-11 14:01:03,906:INFO:_master_model_container: 2
2025-06-11 14:01:03,906:INFO:_display_container: 2
2025-06-11 14:01:03,906:INFO:Lasso(random_state=123)
2025-06-11 14:01:03,906:INFO:create_model() successfully completed......................................
2025-06-11 14:01:03,992:INFO:SubProcess create_model() end ==================================
2025-06-11 14:01:03,992:INFO:Creating metrics dataframe
2025-06-11 14:01:03,994:INFO:Initializing Ridge Regression
2025-06-11 14:01:03,994:INFO:Total runtime is 0.07426050504048665 minutes
2025-06-11 14:01:03,994:INFO:SubProcess create_model() called ==================================
2025-06-11 14:01:03,994:INFO:Initializing create_model()
2025-06-11 14:01:03,994:INFO:create_model(self=<pycaret.regression.oop.RegressionExperiment object at 0x000001C7021F1E10>, estimator=ridge, fold=KFold(n_splits=10, random_state=None, shuffle=False), round=4, cross_validation=True, predict=True, fit_kwargs={}, groups=None, refit=False, probability_threshold=None, experiment_custom_tags=None, verbose=False, system=False, add_to_model_list=True, metrics=None, display=<pycaret.internal.display.display.CommonDisplay object at 0x000001C7032578E0>, model_only=True, return_train_score=False, error_score=0.0, kwargs={})
2025-06-11 14:01:03,994:INFO:Checking exceptions
2025-06-11 14:01:03,994:INFO:Importing libraries
2025-06-11 14:01:03,994:INFO:Copying training dataset
2025-06-11 14:01:03,996:INFO:Defining folds
2025-06-11 14:01:03,996:INFO:Declaring metric variables
2025-06-11 14:01:03,996:INFO:Importing untrained model
2025-06-11 14:01:03,996:INFO:Ridge Regression Imported successfully
2025-06-11 14:01:03,996:INFO:Starting cross validation
2025-06-11 14:01:03,997:INFO:Cross validating with KFold(n_splits=10, random_state=None, shuffle=False), n_jobs=-1
2025-06-11 14:01:04,045:INFO:Calculating mean and std
2025-06-11 14:01:04,045:INFO:Creating metrics dataframe
2025-06-11 14:01:04,047:INFO:Uploading results into container
2025-06-11 14:01:04,047:INFO:Uploading model into container now
2025-06-11 14:01:04,047:INFO:_master_model_container: 3
2025-06-11 14:01:04,047:INFO:_display_container: 2
2025-06-11 14:01:04,047:INFO:Ridge(random_state=123)
2025-06-11 14:01:04,047:INFO:create_model() successfully completed......................................
2025-06-11 14:01:04,116:INFO:SubProcess create_model() end ==================================
2025-06-11 14:01:04,117:INFO:Creating metrics dataframe
2025-06-11 14:01:04,118:INFO:Initializing Elastic Net
2025-06-11 14:01:04,118:INFO:Total runtime is 0.07632195552190144 minutes
2025-06-11 14:01:04,118:INFO:SubProcess create_model() called ==================================
2025-06-11 14:01:04,119:INFO:Initializing create_model()
2025-06-11 14:01:04,119:INFO:create_model(self=<pycaret.regression.oop.RegressionExperiment object at 0x000001C7021F1E10>, estimator=en, fold=KFold(n_splits=10, random_state=None, shuffle=False), round=4, cross_validation=True, predict=True, fit_kwargs={}, groups=None, refit=False, probability_threshold=None, experiment_custom_tags=None, verbose=False, system=False, add_to_model_list=True, metrics=None, display=<pycaret.internal.display.display.CommonDisplay object at 0x000001C7032578E0>, model_only=True, return_train_score=False, error_score=0.0, kwargs={})
2025-06-11 14:01:04,119:INFO:Checking exceptions
2025-06-11 14:01:04,119:INFO:Importing libraries
2025-06-11 14:01:04,119:INFO:Copying training dataset
2025-06-11 14:01:04,120:INFO:Defining folds
2025-06-11 14:01:04,121:INFO:Declaring metric variables
2025-06-11 14:01:04,121:INFO:Importing untrained model
2025-06-11 14:01:04,121:INFO:Elastic Net Imported successfully
2025-06-11 14:01:04,121:INFO:Starting cross validation
2025-06-11 14:01:04,121:INFO:Cross validating with KFold(n_splits=10, random_state=None, shuffle=False), n_jobs=-1
2025-06-11 14:01:04,171:INFO:Calculating mean and std
2025-06-11 14:01:04,171:INFO:Creating metrics dataframe
2025-06-11 14:01:04,173:INFO:Uploading results into container
2025-06-11 14:01:04,173:INFO:Uploading model into container now
2025-06-11 14:01:04,173:INFO:_master_model_container: 4
2025-06-11 14:01:04,173:INFO:_display_container: 2
2025-06-11 14:01:04,173:INFO:ElasticNet(random_state=123)
2025-06-11 14:01:04,173:INFO:create_model() successfully completed......................................
2025-06-11 14:01:04,243:INFO:SubProcess create_model() end ==================================
2025-06-11 14:01:04,244:INFO:Creating metrics dataframe
2025-06-11 14:01:04,245:INFO:Initializing Least Angle Regression
2025-06-11 14:01:04,245:INFO:Total runtime is 0.07844297488530476 minutes
2025-06-11 14:01:04,246:INFO:SubProcess create_model() called ==================================
2025-06-11 14:01:04,246:INFO:Initializing create_model()
2025-06-11 14:01:04,246:INFO:create_model(self=<pycaret.regression.oop.RegressionExperiment object at 0x000001C7021F1E10>, estimator=lar, fold=KFold(n_splits=10, random_state=None, shuffle=False), round=4, cross_validation=True, predict=True, fit_kwargs={}, groups=None, refit=False, probability_threshold=None, experiment_custom_tags=None, verbose=False, system=False, add_to_model_list=True, metrics=None, display=<pycaret.internal.display.display.CommonDisplay object at 0x000001C7032578E0>, model_only=True, return_train_score=False, error_score=0.0, kwargs={})
2025-06-11 14:01:04,246:INFO:Checking exceptions
2025-06-11 14:01:04,246:INFO:Importing libraries
2025-06-11 14:01:04,246:INFO:Copying training dataset
2025-06-11 14:01:04,248:INFO:Defining folds
2025-06-11 14:01:04,248:INFO:Declaring metric variables
2025-06-11 14:01:04,248:INFO:Importing untrained model
2025-06-11 14:01:04,248:INFO:Least Angle Regression Imported successfully
2025-06-11 14:01:04,248:INFO:Starting cross validation
2025-06-11 14:01:04,248:INFO:Cross validating with KFold(n_splits=10, random_state=None, shuffle=False), n_jobs=-1
2025-06-11 14:01:04,297:INFO:Calculating mean and std
2025-06-11 14:01:04,297:INFO:Creating metrics dataframe
2025-06-11 14:01:04,299:INFO:Uploading results into container
2025-06-11 14:01:04,299:INFO:Uploading model into container now
2025-06-11 14:01:04,299:INFO:_master_model_container: 5
2025-06-11 14:01:04,299:INFO:_display_container: 2
2025-06-11 14:01:04,299:INFO:Lars(random_state=123)
2025-06-11 14:01:04,300:INFO:create_model() successfully completed......................................
2025-06-11 14:01:04,368:INFO:SubProcess create_model() end ==================================
2025-06-11 14:01:04,368:INFO:Creating metrics dataframe
2025-06-11 14:01:04,370:INFO:Initializing Lasso Least Angle Regression
2025-06-11 14:01:04,370:INFO:Total runtime is 0.08052507241566975 minutes
2025-06-11 14:01:04,370:INFO:SubProcess create_model() called ==================================
2025-06-11 14:01:04,370:INFO:Initializing create_model()
2025-06-11 14:01:04,370:INFO:create_model(self=<pycaret.regression.oop.RegressionExperiment object at 0x000001C7021F1E10>, estimator=llar, fold=KFold(n_splits=10, random_state=None, shuffle=False), round=4, cross_validation=True, predict=True, fit_kwargs={}, groups=None, refit=False, probability_threshold=None, experiment_custom_tags=None, verbose=False, system=False, add_to_model_list=True, metrics=None, display=<pycaret.internal.display.display.CommonDisplay object at 0x000001C7032578E0>, model_only=True, return_train_score=False, error_score=0.0, kwargs={})
2025-06-11 14:01:04,370:INFO:Checking exceptions
2025-06-11 14:01:04,370:INFO:Importing libraries
2025-06-11 14:01:04,371:INFO:Copying training dataset
2025-06-11 14:01:04,372:INFO:Defining folds
2025-06-11 14:01:04,372:INFO:Declaring metric variables
2025-06-11 14:01:04,372:INFO:Importing untrained model
2025-06-11 14:01:04,373:INFO:Lasso Least Angle Regression Imported successfully
2025-06-11 14:01:04,373:INFO:Starting cross validation
2025-06-11 14:01:04,373:INFO:Cross validating with KFold(n_splits=10, random_state=None, shuffle=False), n_jobs=-1
2025-06-11 14:01:04,423:INFO:Calculating mean and std
2025-06-11 14:01:04,423:INFO:Creating metrics dataframe
2025-06-11 14:01:04,425:INFO:Uploading results into container
2025-06-11 14:01:04,425:INFO:Uploading model into container now
2025-06-11 14:01:04,425:INFO:_master_model_container: 6
2025-06-11 14:01:04,425:INFO:_display_container: 2
2025-06-11 14:01:04,425:INFO:LassoLars(random_state=123)
2025-06-11 14:01:04,425:INFO:create_model() successfully completed......................................
2025-06-11 14:01:04,490:INFO:SubProcess create_model() end ==================================
2025-06-11 14:01:04,490:INFO:Creating metrics dataframe
2025-06-11 14:01:04,492:INFO:Initializing Orthogonal Matching Pursuit
2025-06-11 14:01:04,492:INFO:Total runtime is 0.0825663646062215 minutes
2025-06-11 14:01:04,492:INFO:SubProcess create_model() called ==================================
2025-06-11 14:01:04,492:INFO:Initializing create_model()
2025-06-11 14:01:04,492:INFO:create_model(self=<pycaret.regression.oop.RegressionExperiment object at 0x000001C7021F1E10>, estimator=omp, fold=KFold(n_splits=10, random_state=None, shuffle=False), round=4, cross_validation=True, predict=True, fit_kwargs={}, groups=None, refit=False, probability_threshold=None, experiment_custom_tags=None, verbose=False, system=False, add_to_model_list=True, metrics=None, display=<pycaret.internal.display.display.CommonDisplay object at 0x000001C7032578E0>, model_only=True, return_train_score=False, error_score=0.0, kwargs={})
2025-06-11 14:01:04,492:INFO:Checking exceptions
2025-06-11 14:01:04,492:INFO:Importing libraries
2025-06-11 14:01:04,492:INFO:Copying training dataset
2025-06-11 14:01:04,494:INFO:Defining folds
2025-06-11 14:01:04,494:INFO:Declaring metric variables
2025-06-11 14:01:04,494:INFO:Importing untrained model
2025-06-11 14:01:04,494:INFO:Orthogonal Matching Pursuit Imported successfully
2025-06-11 14:01:04,494:INFO:Starting cross validation
2025-06-11 14:01:04,495:INFO:Cross validating with KFold(n_splits=10, random_state=None, shuffle=False), n_jobs=-1
2025-06-11 14:01:04,535:INFO:Calculating mean and std
2025-06-11 14:01:04,536:INFO:Creating metrics dataframe
2025-06-11 14:01:04,537:INFO:Uploading results into container
2025-06-11 14:01:04,537:INFO:Uploading model into container now
2025-06-11 14:01:04,537:INFO:_master_model_container: 7
2025-06-11 14:01:04,537:INFO:_display_container: 2
2025-06-11 14:01:04,537:INFO:OrthogonalMatchingPursuit()
2025-06-11 14:01:04,537:INFO:create_model() successfully completed......................................
2025-06-11 14:01:04,604:INFO:SubProcess create_model() end ==================================
2025-06-11 14:01:04,604:INFO:Creating metrics dataframe
2025-06-11 14:01:04,606:INFO:Initializing Bayesian Ridge
2025-06-11 14:01:04,606:INFO:Total runtime is 0.08445955117543537 minutes
2025-06-11 14:01:04,606:INFO:SubProcess create_model() called ==================================
2025-06-11 14:01:04,606:INFO:Initializing create_model()
2025-06-11 14:01:04,606:INFO:create_model(self=<pycaret.regression.oop.RegressionExperiment object at 0x000001C7021F1E10>, estimator=br, fold=KFold(n_splits=10, random_state=None, shuffle=False), round=4, cross_validation=True, predict=True, fit_kwargs={}, groups=None, refit=False, probability_threshold=None, experiment_custom_tags=None, verbose=False, system=False, add_to_model_list=True, metrics=None, display=<pycaret.internal.display.display.CommonDisplay object at 0x000001C7032578E0>, model_only=True, return_train_score=False, error_score=0.0, kwargs={})
2025-06-11 14:01:04,606:INFO:Checking exceptions
2025-06-11 14:01:04,606:INFO:Importing libraries
2025-06-11 14:01:04,606:INFO:Copying training dataset
2025-06-11 14:01:04,608:INFO:Defining folds
2025-06-11 14:01:04,608:INFO:Declaring metric variables
2025-06-11 14:01:04,608:INFO:Importing untrained model
2025-06-11 14:01:04,609:INFO:Bayesian Ridge Imported successfully
2025-06-11 14:01:04,609:INFO:Starting cross validation
2025-06-11 14:01:04,609:INFO:Cross validating with KFold(n_splits=10, random_state=None, shuffle=False), n_jobs=-1
2025-06-11 14:01:04,661:INFO:Calculating mean and std
2025-06-11 14:01:04,661:INFO:Creating metrics dataframe
2025-06-11 14:01:04,662:INFO:Uploading results into container
2025-06-11 14:01:04,663:INFO:Uploading model into container now
2025-06-11 14:01:04,663:INFO:_master_model_container: 8
2025-06-11 14:01:04,663:INFO:_display_container: 2
2025-06-11 14:01:04,663:INFO:BayesianRidge()
2025-06-11 14:01:04,663:INFO:create_model() successfully completed......................................
2025-06-11 14:01:04,729:INFO:SubProcess create_model() end ==================================
2025-06-11 14:01:04,729:INFO:Creating metrics dataframe
2025-06-11 14:01:04,731:INFO:Initializing Passive Aggressive Regressor
2025-06-11 14:01:04,731:INFO:Total runtime is 0.08653855721155801 minutes
2025-06-11 14:01:04,731:INFO:SubProcess create_model() called ==================================
2025-06-11 14:01:04,731:INFO:Initializing create_model()
2025-06-11 14:01:04,731:INFO:create_model(self=<pycaret.regression.oop.RegressionExperiment object at 0x000001C7021F1E10>, estimator=par, fold=KFold(n_splits=10, random_state=None, shuffle=False), round=4, cross_validation=True, predict=True, fit_kwargs={}, groups=None, refit=False, probability_threshold=None, experiment_custom_tags=None, verbose=False, system=False, add_to_model_list=True, metrics=None, display=<pycaret.internal.display.display.CommonDisplay object at 0x000001C7032578E0>, model_only=True, return_train_score=False, error_score=0.0, kwargs={})
2025-06-11 14:01:04,731:INFO:Checking exceptions
2025-06-11 14:01:04,731:INFO:Importing libraries
2025-06-11 14:01:04,731:INFO:Copying training dataset
2025-06-11 14:01:04,733:INFO:Defining folds
2025-06-11 14:01:04,733:INFO:Declaring metric variables
2025-06-11 14:01:04,733:INFO:Importing untrained model
2025-06-11 14:01:04,734:INFO:Passive Aggressive Regressor Imported successfully
2025-06-11 14:01:04,734:INFO:Starting cross validation
2025-06-11 14:01:04,734:INFO:Cross validating with KFold(n_splits=10, random_state=None, shuffle=False), n_jobs=-1
2025-06-11 14:01:04,772:INFO:Calculating mean and std
2025-06-11 14:01:04,772:INFO:Creating metrics dataframe
2025-06-11 14:01:04,774:INFO:Uploading results into container
2025-06-11 14:01:04,774:INFO:Uploading model into container now
2025-06-11 14:01:04,774:INFO:_master_model_container: 9
2025-06-11 14:01:04,774:INFO:_display_container: 2
2025-06-11 14:01:04,774:INFO:PassiveAggressiveRegressor(random_state=123)
2025-06-11 14:01:04,774:INFO:create_model() successfully completed......................................
2025-06-11 14:01:04,837:INFO:SubProcess create_model() end ==================================
2025-06-11 14:01:04,837:INFO:Creating metrics dataframe
2025-06-11 14:01:04,839:INFO:Initializing Huber Regressor
2025-06-11 14:01:04,839:INFO:Total runtime is 0.08834057648976643 minutes
2025-06-11 14:01:04,839:INFO:SubProcess create_model() called ==================================
2025-06-11 14:01:04,839:INFO:Initializing create_model()
2025-06-11 14:01:04,839:INFO:create_model(self=<pycaret.regression.oop.RegressionExperiment object at 0x000001C7021F1E10>, estimator=huber, fold=KFold(n_splits=10, random_state=None, shuffle=False), round=4, cross_validation=True, predict=True, fit_kwargs={}, groups=None, refit=False, probability_threshold=None, experiment_custom_tags=None, verbose=False, system=False, add_to_model_list=True, metrics=None, display=<pycaret.internal.display.display.CommonDisplay object at 0x000001C7032578E0>, model_only=True, return_train_score=False, error_score=0.0, kwargs={})
2025-06-11 14:01:04,839:INFO:Checking exceptions
2025-06-11 14:01:04,839:INFO:Importing libraries
2025-06-11 14:01:04,839:INFO:Copying training dataset
2025-06-11 14:01:04,841:INFO:Defining folds
2025-06-11 14:01:04,841:INFO:Declaring metric variables
2025-06-11 14:01:04,841:INFO:Importing untrained model
2025-06-11 14:01:04,841:INFO:Huber Regressor Imported successfully
2025-06-11 14:01:04,841:INFO:Starting cross validation
2025-06-11 14:01:04,842:INFO:Cross validating with KFold(n_splits=10, random_state=None, shuffle=False), n_jobs=-1
2025-06-11 14:01:04,883:INFO:Calculating mean and std
2025-06-11 14:01:04,883:INFO:Creating metrics dataframe
2025-06-11 14:01:04,885:INFO:Uploading results into container
2025-06-11 14:01:04,885:INFO:Uploading model into container now
2025-06-11 14:01:04,885:INFO:_master_model_container: 10
2025-06-11 14:01:04,885:INFO:_display_container: 2
2025-06-11 14:01:04,885:INFO:HuberRegressor()
2025-06-11 14:01:04,885:INFO:create_model() successfully completed......................................
2025-06-11 14:01:04,947:INFO:SubProcess create_model() end ==================================
2025-06-11 14:01:04,947:INFO:Creating metrics dataframe
2025-06-11 14:01:04,949:INFO:Initializing K Neighbors Regressor
2025-06-11 14:01:04,949:INFO:Total runtime is 0.09017527103424071 minutes
2025-06-11 14:01:04,949:INFO:SubProcess create_model() called ==================================
2025-06-11 14:01:04,950:INFO:Initializing create_model()
2025-06-11 14:01:04,950:INFO:create_model(self=<pycaret.regression.oop.RegressionExperiment object at 0x000001C7021F1E10>, estimator=knn, fold=KFold(n_splits=10, random_state=None, shuffle=False), round=4, cross_validation=True, predict=True, fit_kwargs={}, groups=None, refit=False, probability_threshold=None, experiment_custom_tags=None, verbose=False, system=False, add_to_model_list=True, metrics=None, display=<pycaret.internal.display.display.CommonDisplay object at 0x000001C7032578E0>, model_only=True, return_train_score=False, error_score=0.0, kwargs={})
2025-06-11 14:01:04,950:INFO:Checking exceptions
2025-06-11 14:01:04,950:INFO:Importing libraries
2025-06-11 14:01:04,950:INFO:Copying training dataset
2025-06-11 14:01:04,952:INFO:Defining folds
2025-06-11 14:01:04,952:INFO:Declaring metric variables
2025-06-11 14:01:04,952:INFO:Importing untrained model
2025-06-11 14:01:04,952:INFO:K Neighbors Regressor Imported successfully
2025-06-11 14:01:04,952:INFO:Starting cross validation
2025-06-11 14:01:04,952:INFO:Cross validating with KFold(n_splits=10, random_state=None, shuffle=False), n_jobs=-1
2025-06-11 14:01:05,026:INFO:Calculating mean and std
2025-06-11 14:01:05,026:INFO:Creating metrics dataframe
2025-06-11 14:01:05,028:INFO:Uploading results into container
2025-06-11 14:01:05,028:INFO:Uploading model into container now
2025-06-11 14:01:05,028:INFO:_master_model_container: 11
2025-06-11 14:01:05,028:INFO:_display_container: 2
2025-06-11 14:01:05,028:INFO:KNeighborsRegressor(n_jobs=-1)
2025-06-11 14:01:05,028:INFO:create_model() successfully completed......................................
2025-06-11 14:01:05,090:INFO:SubProcess create_model() end ==================================
2025-06-11 14:01:05,091:INFO:Creating metrics dataframe
2025-06-11 14:01:05,092:INFO:Initializing Decision Tree Regressor
2025-06-11 14:01:05,092:INFO:Total runtime is 0.09256578683853148 minutes
2025-06-11 14:01:05,092:INFO:SubProcess create_model() called ==================================
2025-06-11 14:01:05,093:INFO:Initializing create_model()
2025-06-11 14:01:05,093:INFO:create_model(self=<pycaret.regression.oop.RegressionExperiment object at 0x000001C7021F1E10>, estimator=dt, fold=KFold(n_splits=10, random_state=None, shuffle=False), round=4, cross_validation=True, predict=True, fit_kwargs={}, groups=None, refit=False, probability_threshold=None, experiment_custom_tags=None, verbose=False, system=False, add_to_model_list=True, metrics=None, display=<pycaret.internal.display.display.CommonDisplay object at 0x000001C7032578E0>, model_only=True, return_train_score=False, error_score=0.0, kwargs={})
2025-06-11 14:01:05,093:INFO:Checking exceptions
2025-06-11 14:01:05,093:INFO:Importing libraries
2025-06-11 14:01:05,093:INFO:Copying training dataset
2025-06-11 14:01:05,094:INFO:Defining folds
2025-06-11 14:01:05,095:INFO:Declaring metric variables
2025-06-11 14:01:05,095:INFO:Importing untrained model
2025-06-11 14:01:05,095:INFO:Decision Tree Regressor Imported successfully
2025-06-11 14:01:05,095:INFO:Starting cross validation
2025-06-11 14:01:05,095:INFO:Cross validating with KFold(n_splits=10, random_state=None, shuffle=False), n_jobs=-1
2025-06-11 14:01:05,136:INFO:Calculating mean and std
2025-06-11 14:01:05,136:INFO:Creating metrics dataframe
2025-06-11 14:01:05,138:INFO:Uploading results into container
2025-06-11 14:01:05,138:INFO:Uploading model into container now
2025-06-11 14:01:05,138:INFO:_master_model_container: 12
2025-06-11 14:01:05,138:INFO:_display_container: 2
2025-06-11 14:01:05,138:INFO:DecisionTreeRegressor(random_state=123)
2025-06-11 14:01:05,138:INFO:create_model() successfully completed......................................
2025-06-11 14:01:05,201:INFO:SubProcess create_model() end ==================================
2025-06-11 14:01:05,201:INFO:Creating metrics dataframe
2025-06-11 14:01:05,203:INFO:Initializing Random Forest Regressor
2025-06-11 14:01:05,203:INFO:Total runtime is 0.09440288941065468 minutes
2025-06-11 14:01:05,203:INFO:SubProcess create_model() called ==================================
2025-06-11 14:01:05,204:INFO:Initializing create_model()
2025-06-11 14:01:05,204:INFO:create_model(self=<pycaret.regression.oop.RegressionExperiment object at 0x000001C7021F1E10>, estimator=rf, fold=KFold(n_splits=10, random_state=None, shuffle=False), round=4, cross_validation=True, predict=True, fit_kwargs={}, groups=None, refit=False, probability_threshold=None, experiment_custom_tags=None, verbose=False, system=False, add_to_model_list=True, metrics=None, display=<pycaret.internal.display.display.CommonDisplay object at 0x000001C7032578E0>, model_only=True, return_train_score=False, error_score=0.0, kwargs={})
2025-06-11 14:01:05,204:INFO:Checking exceptions
2025-06-11 14:01:05,204:INFO:Importing libraries
2025-06-11 14:01:05,204:INFO:Copying training dataset
2025-06-11 14:01:05,205:INFO:Defining folds
2025-06-11 14:01:05,205:INFO:Declaring metric variables
2025-06-11 14:01:05,206:INFO:Importing untrained model
2025-06-11 14:01:05,206:INFO:Random Forest Regressor Imported successfully
2025-06-11 14:01:05,206:INFO:Starting cross validation
2025-06-11 14:01:05,206:INFO:Cross validating with KFold(n_splits=10, random_state=None, shuffle=False), n_jobs=-1
2025-06-11 14:01:05,605:INFO:Calculating mean and std
2025-06-11 14:01:05,605:INFO:Creating metrics dataframe
2025-06-11 14:01:05,607:INFO:Uploading results into container
2025-06-11 14:01:05,607:INFO:Uploading model into container now
2025-06-11 14:01:05,607:INFO:_master_model_container: 13
2025-06-11 14:01:05,607:INFO:_display_container: 2
2025-06-11 14:01:05,608:INFO:RandomForestRegressor(n_jobs=-1, random_state=123)
2025-06-11 14:01:05,608:INFO:create_model() successfully completed......................................
2025-06-11 14:01:05,670:INFO:SubProcess create_model() end ==================================
2025-06-11 14:01:05,670:INFO:Creating metrics dataframe
2025-06-11 14:01:05,672:INFO:Initializing Extra Trees Regressor
2025-06-11 14:01:05,672:INFO:Total runtime is 0.10222735802332558 minutes
2025-06-11 14:01:05,672:INFO:SubProcess create_model() called ==================================
2025-06-11 14:01:05,672:INFO:Initializing create_model()
2025-06-11 14:01:05,672:INFO:create_model(self=<pycaret.regression.oop.RegressionExperiment object at 0x000001C7021F1E10>, estimator=et, fold=KFold(n_splits=10, random_state=None, shuffle=False), round=4, cross_validation=True, predict=True, fit_kwargs={}, groups=None, refit=False, probability_threshold=None, experiment_custom_tags=None, verbose=False, system=False, add_to_model_list=True, metrics=None, display=<pycaret.internal.display.display.CommonDisplay object at 0x000001C7032578E0>, model_only=True, return_train_score=False, error_score=0.0, kwargs={})
2025-06-11 14:01:05,672:INFO:Checking exceptions
2025-06-11 14:01:05,672:INFO:Importing libraries
2025-06-11 14:01:05,672:INFO:Copying training dataset
2025-06-11 14:01:05,674:INFO:Defining folds
2025-06-11 14:01:05,674:INFO:Declaring metric variables
2025-06-11 14:01:05,674:INFO:Importing untrained model
2025-06-11 14:01:05,674:INFO:Extra Trees Regressor Imported successfully
2025-06-11 14:01:05,675:INFO:Starting cross validation
2025-06-11 14:01:05,675:INFO:Cross validating with KFold(n_splits=10, random_state=None, shuffle=False), n_jobs=-1
2025-06-11 14:01:05,964:INFO:Calculating mean and std
2025-06-11 14:01:05,964:INFO:Creating metrics dataframe
2025-06-11 14:01:05,966:INFO:Uploading results into container
2025-06-11 14:01:05,966:INFO:Uploading model into container now
2025-06-11 14:01:05,966:INFO:_master_model_container: 14
2025-06-11 14:01:05,966:INFO:_display_container: 2
2025-06-11 14:01:05,967:INFO:ExtraTreesRegressor(n_jobs=-1, random_state=123)
2025-06-11 14:01:05,967:INFO:create_model() successfully completed......................................
2025-06-11 14:01:06,029:INFO:SubProcess create_model() end ==================================
2025-06-11 14:01:06,029:INFO:Creating metrics dataframe
2025-06-11 14:01:06,031:INFO:Initializing AdaBoost Regressor
2025-06-11 14:01:06,031:INFO:Total runtime is 0.1082173188527425 minutes
2025-06-11 14:01:06,031:INFO:SubProcess create_model() called ==================================
2025-06-11 14:01:06,031:INFO:Initializing create_model()
2025-06-11 14:01:06,031:INFO:create_model(self=<pycaret.regression.oop.RegressionExperiment object at 0x000001C7021F1E10>, estimator=ada, fold=KFold(n_splits=10, random_state=None, shuffle=False), round=4, cross_validation=True, predict=True, fit_kwargs={}, groups=None, refit=False, probability_threshold=None, experiment_custom_tags=None, verbose=False, system=False, add_to_model_list=True, metrics=None, display=<pycaret.internal.display.display.CommonDisplay object at 0x000001C7032578E0>, model_only=True, return_train_score=False, error_score=0.0, kwargs={})
2025-06-11 14:01:06,031:INFO:Checking exceptions
2025-06-11 14:01:06,031:INFO:Importing libraries
2025-06-11 14:01:06,031:INFO:Copying training dataset
2025-06-11 14:01:06,033:INFO:Defining folds
2025-06-11 14:01:06,033:INFO:Declaring metric variables
2025-06-11 14:01:06,033:INFO:Importing untrained model
2025-06-11 14:01:06,033:INFO:AdaBoost Regressor Imported successfully
2025-06-11 14:01:06,033:INFO:Starting cross validation
2025-06-11 14:01:06,034:INFO:Cross validating with KFold(n_splits=10, random_state=None, shuffle=False), n_jobs=-1
2025-06-11 14:01:06,155:INFO:Calculating mean and std
2025-06-11 14:01:06,155:INFO:Creating metrics dataframe
2025-06-11 14:01:06,157:INFO:Uploading results into container
2025-06-11 14:01:06,157:INFO:Uploading model into container now
2025-06-11 14:01:06,157:INFO:_master_model_container: 15
2025-06-11 14:01:06,157:INFO:_display_container: 2
2025-06-11 14:01:06,157:INFO:AdaBoostRegressor(random_state=123)
2025-06-11 14:01:06,157:INFO:create_model() successfully completed......................................
2025-06-11 14:01:06,220:INFO:SubProcess create_model() end ==================================
2025-06-11 14:01:06,221:INFO:Creating metrics dataframe
2025-06-11 14:01:06,222:INFO:Initializing Gradient Boosting Regressor
2025-06-11 14:01:06,222:INFO:Total runtime is 0.11138964494069416 minutes
2025-06-11 14:01:06,222:INFO:SubProcess create_model() called ==================================
2025-06-11 14:01:06,223:INFO:Initializing create_model()
2025-06-11 14:01:06,223:INFO:create_model(self=<pycaret.regression.oop.RegressionExperiment object at 0x000001C7021F1E10>, estimator=gbr, fold=KFold(n_splits=10, random_state=None, shuffle=False), round=4, cross_validation=True, predict=True, fit_kwargs={}, groups=None, refit=False, probability_threshold=None, experiment_custom_tags=None, verbose=False, system=False, add_to_model_list=True, metrics=None, display=<pycaret.internal.display.display.CommonDisplay object at 0x000001C7032578E0>, model_only=True, return_train_score=False, error_score=0.0, kwargs={})
2025-06-11 14:01:06,223:INFO:Checking exceptions
2025-06-11 14:01:06,223:INFO:Importing libraries
2025-06-11 14:01:06,223:INFO:Copying training dataset
2025-06-11 14:01:06,224:INFO:Defining folds
2025-06-11 14:01:06,225:INFO:Declaring metric variables
2025-06-11 14:01:06,225:INFO:Importing untrained model
2025-06-11 14:01:06,225:INFO:Gradient Boosting Regressor Imported successfully
2025-06-11 14:01:06,225:INFO:Starting cross validation
2025-06-11 14:01:06,225:INFO:Cross validating with KFold(n_splits=10, random_state=None, shuffle=False), n_jobs=-1
2025-06-11 14:01:06,406:INFO:Calculating mean and std
2025-06-11 14:01:06,406:INFO:Creating metrics dataframe
2025-06-11 14:01:06,408:INFO:Uploading results into container
2025-06-11 14:01:06,408:INFO:Uploading model into container now
2025-06-11 14:01:06,408:INFO:_master_model_container: 16
2025-06-11 14:01:06,408:INFO:_display_container: 2
2025-06-11 14:01:06,408:INFO:GradientBoostingRegressor(random_state=123)
2025-06-11 14:01:06,408:INFO:create_model() successfully completed......................................
2025-06-11 14:01:06,471:INFO:SubProcess create_model() end ==================================
2025-06-11 14:01:06,472:INFO:Creating metrics dataframe
2025-06-11 14:01:06,473:INFO:Initializing Light Gradient Boosting Machine
2025-06-11 14:01:06,473:INFO:Total runtime is 0.11557679971059162 minutes
2025-06-11 14:01:06,473:INFO:SubProcess create_model() called ==================================
2025-06-11 14:01:06,474:INFO:Initializing create_model()
2025-06-11 14:01:06,474:INFO:create_model(self=<pycaret.regression.oop.RegressionExperiment object at 0x000001C7021F1E10>, estimator=lightgbm, fold=KFold(n_splits=10, random_state=None, shuffle=False), round=4, cross_validation=True, predict=True, fit_kwargs={}, groups=None, refit=False, probability_threshold=None, experiment_custom_tags=None, verbose=False, system=False, add_to_model_list=True, metrics=None, display=<pycaret.internal.display.display.CommonDisplay object at 0x000001C7032578E0>, model_only=True, return_train_score=False, error_score=0.0, kwargs={})
2025-06-11 14:01:06,474:INFO:Checking exceptions
2025-06-11 14:01:06,474:INFO:Importing libraries
2025-06-11 14:01:06,474:INFO:Copying training dataset
2025-06-11 14:01:06,476:INFO:Defining folds
2025-06-11 14:01:06,476:INFO:Declaring metric variables
2025-06-11 14:01:06,476:INFO:Importing untrained model
2025-06-11 14:01:06,476:INFO:Light Gradient Boosting Machine Imported successfully
2025-06-11 14:01:06,476:INFO:Starting cross validation
2025-06-11 14:01:06,477:INFO:Cross validating with KFold(n_splits=10, random_state=None, shuffle=False), n_jobs=-1
2025-06-11 14:01:06,867:INFO:Calculating mean and std
2025-06-11 14:01:06,868:INFO:Creating metrics dataframe
2025-06-11 14:01:06,869:INFO:Uploading results into container
2025-06-11 14:01:06,870:INFO:Uploading model into container now
2025-06-11 14:01:06,870:INFO:_master_model_container: 17
2025-06-11 14:01:06,870:INFO:_display_container: 2
2025-06-11 14:01:06,870:INFO:LGBMRegressor(n_jobs=-1, random_state=123)
2025-06-11 14:01:06,870:INFO:create_model() successfully completed......................................
2025-06-11 14:01:06,947:INFO:SubProcess create_model() end ==================================
2025-06-11 14:01:06,947:INFO:Creating metrics dataframe
2025-06-11 14:01:06,949:INFO:Initializing Dummy Regressor
2025-06-11 14:01:06,949:INFO:Total runtime is 0.12350626786549884 minutes
2025-06-11 14:01:06,950:INFO:SubProcess create_model() called ==================================
2025-06-11 14:01:06,950:INFO:Initializing create_model()
2025-06-11 14:01:06,950:INFO:create_model(self=<pycaret.regression.oop.RegressionExperiment object at 0x000001C7021F1E10>, estimator=dummy, fold=KFold(n_splits=10, random_state=None, shuffle=False), round=4, cross_validation=True, predict=True, fit_kwargs={}, groups=None, refit=False, probability_threshold=None, experiment_custom_tags=None, verbose=False, system=False, add_to_model_list=True, metrics=None, display=<pycaret.internal.display.display.CommonDisplay object at 0x000001C7032578E0>, model_only=True, return_train_score=False, error_score=0.0, kwargs={})
2025-06-11 14:01:06,950:INFO:Checking exceptions
2025-06-11 14:01:06,950:INFO:Importing libraries
2025-06-11 14:01:06,950:INFO:Copying training dataset
2025-06-11 14:01:06,954:INFO:Defining folds
2025-06-11 14:01:06,954:INFO:Declaring metric variables
2025-06-11 14:01:06,954:INFO:Importing untrained model
2025-06-11 14:01:06,954:INFO:Dummy Regressor Imported successfully
2025-06-11 14:01:06,954:INFO:Starting cross validation
2025-06-11 14:01:06,955:INFO:Cross validating with KFold(n_splits=10, random_state=None, shuffle=False), n_jobs=-1
2025-06-11 14:01:06,993:INFO:Calculating mean and std
2025-06-11 14:01:06,993:INFO:Creating metrics dataframe
2025-06-11 14:01:06,995:INFO:Uploading results into container
2025-06-11 14:01:06,995:INFO:Uploading model into container now
2025-06-11 14:01:06,995:INFO:_master_model_container: 18
2025-06-11 14:01:06,995:INFO:_display_container: 2
2025-06-11 14:01:06,995:INFO:DummyRegressor()
2025-06-11 14:01:06,995:INFO:create_model() successfully completed......................................
2025-06-11 14:01:07,060:INFO:SubProcess create_model() end ==================================
2025-06-11 14:01:07,060:INFO:Creating metrics dataframe
2025-06-11 14:01:07,062:WARNING:D:\python-3.10\lib\site-packages\pycaret\internal\pycaret_experiment\supervised_experiment.py:323: FutureWarning: Styler.applymap has been deprecated. Use Styler.map instead.
  master_display_.apply(

2025-06-11 14:01:07,063:INFO:Initializing create_model()
2025-06-11 14:01:07,063:INFO:create_model(self=<pycaret.regression.oop.RegressionExperiment object at 0x000001C7021F1E10>, estimator=RandomForestRegressor(n_jobs=-1, random_state=123), fold=KFold(n_splits=10, random_state=None, shuffle=False), round=4, cross_validation=False, predict=False, fit_kwargs={}, groups=None, refit=True, probability_threshold=None, experiment_custom_tags=None, verbose=False, system=False, add_to_model_list=True, metrics=None, display=None, model_only=True, return_train_score=False, error_score=0.0, kwargs={})
2025-06-11 14:01:07,063:INFO:Checking exceptions
2025-06-11 14:01:07,064:INFO:Importing libraries
2025-06-11 14:01:07,064:INFO:Copying training dataset
2025-06-11 14:01:07,066:INFO:Defining folds
2025-06-11 14:01:07,066:INFO:Declaring metric variables
2025-06-11 14:01:07,066:INFO:Importing untrained model
2025-06-11 14:01:07,066:INFO:Declaring custom model
2025-06-11 14:01:07,066:INFO:Random Forest Regressor Imported successfully
2025-06-11 14:01:07,067:INFO:Cross validation set to False
2025-06-11 14:01:07,067:INFO:Fitting Model
2025-06-11 14:01:07,167:INFO:RandomForestRegressor(n_jobs=-1, random_state=123)
2025-06-11 14:01:07,168:INFO:create_model() successfully completed......................................
2025-06-11 14:01:07,229:INFO:Creating Dashboard logs
2025-06-11 14:01:07,229:INFO:Model: Random Forest Regressor
2025-06-11 14:01:07,269:INFO:Logged params: {'bootstrap': True, 'ccp_alpha': 0.0, 'criterion': 'squared_error', 'max_depth': None, 'max_features': 1.0, 'max_leaf_nodes': None, 'max_samples': None, 'min_impurity_decrease': 0.0, 'min_samples_leaf': 1, 'min_samples_split': 2, 'min_weight_fraction_leaf': 0.0, 'monotonic_cst': None, 'n_estimators': 100, 'n_jobs': -1, 'oob_score': False, 'random_state': 123, 'verbose': 0, 'warm_start': False}
2025-06-11 14:01:07,396:INFO:Initializing predict_model()
2025-06-11 14:01:07,396:INFO:predict_model(self=<pycaret.regression.oop.RegressionExperiment object at 0x000001C7021F1E10>, estimator=RandomForestRegressor(n_jobs=-1, random_state=123), probability_threshold=None, encoded_labels=False, raw_score=False, round=4, verbose=False, ml_usecase=None, preprocess=True, encode_labels=<function _SupervisedExperiment.predict_model.<locals>.encode_labels at 0x000001C7052A8D30>)
2025-06-11 14:01:07,396:INFO:Checking exceptions
2025-06-11 14:01:07,396:INFO:Preloading libraries
2025-06-11 14:01:07,438:WARNING:D:\python-3.10\lib\site-packages\sklearn\metrics\_regression.py:483: FutureWarning: 'squared' is deprecated in version 1.4 and will be removed in 1.6. To calculate the root mean squared error, use the function'root_mean_squared_error'.
  warnings.warn(

2025-06-11 14:01:07,719:INFO:Creating Dashboard logs
2025-06-11 14:01:07,719:INFO:Model: Extra Trees Regressor
2025-06-11 14:01:07,760:INFO:Logged params: {'bootstrap': False, 'ccp_alpha': 0.0, 'criterion': 'squared_error', 'max_depth': None, 'max_features': 1.0, 'max_leaf_nodes': None, 'max_samples': None, 'min_impurity_decrease': 0.0, 'min_samples_leaf': 1, 'min_samples_split': 2, 'min_weight_fraction_leaf': 0.0, 'monotonic_cst': None, 'n_estimators': 100, 'n_jobs': -1, 'oob_score': False, 'random_state': 123, 'verbose': 0, 'warm_start': False}
2025-06-11 14:01:08,000:INFO:Creating Dashboard logs
2025-06-11 14:01:08,000:INFO:Model: Light Gradient Boosting Machine
2025-06-11 14:01:08,038:INFO:Logged params: {'boosting_type': 'gbdt', 'class_weight': None, 'colsample_bytree': 1.0, 'importance_type': 'split', 'learning_rate': 0.1, 'max_depth': -1, 'min_child_samples': 20, 'min_child_weight': 0.001, 'min_split_gain': 0.0, 'n_estimators': 100, 'n_jobs': -1, 'num_leaves': 31, 'objective': None, 'random_state': 123, 'reg_alpha': 0.0, 'reg_lambda': 0.0, 'subsample': 1.0, 'subsample_for_bin': 200000, 'subsample_freq': 0}
2025-06-11 14:01:08,282:INFO:Creating Dashboard logs
2025-06-11 14:01:08,282:INFO:Model: K Neighbors Regressor
2025-06-11 14:01:08,318:INFO:Logged params: {'algorithm': 'auto', 'leaf_size': 30, 'metric': 'minkowski', 'metric_params': None, 'n_jobs': -1, 'n_neighbors': 5, 'p': 2, 'weights': 'uniform'}
2025-06-11 14:01:08,554:INFO:Creating Dashboard logs
2025-06-11 14:01:08,554:INFO:Model: Gradient Boosting Regressor
2025-06-11 14:01:08,594:INFO:Logged params: {'alpha': 0.9, 'ccp_alpha': 0.0, 'criterion': 'friedman_mse', 'init': None, 'learning_rate': 0.1, 'loss': 'squared_error', 'max_depth': 3, 'max_features': None, 'max_leaf_nodes': None, 'min_impurity_decrease': 0.0, 'min_samples_leaf': 1, 'min_samples_split': 2, 'min_weight_fraction_leaf': 0.0, 'n_estimators': 100, 'n_iter_no_change': None, 'random_state': 123, 'subsample': 1.0, 'tol': 0.0001, 'validation_fraction': 0.1, 'verbose': 0, 'warm_start': False}
2025-06-11 14:01:08,851:INFO:Creating Dashboard logs
2025-06-11 14:01:08,851:INFO:Model: Lasso Least Angle Regression
2025-06-11 14:01:08,893:INFO:Logged params: {'alpha': 1.0, 'copy_X': True, 'eps': 2.220446049250313e-16, 'fit_intercept': True, 'fit_path': True, 'jitter': None, 'max_iter': 500, 'positive': False, 'precompute': 'auto', 'random_state': 123, 'verbose': False}
2025-06-11 14:01:09,147:INFO:Creating Dashboard logs
2025-06-11 14:01:09,147:INFO:Model: Bayesian Ridge
2025-06-11 14:01:09,189:INFO:Logged params: {'alpha_1': 1e-06, 'alpha_2': 1e-06, 'alpha_init': None, 'compute_score': False, 'copy_X': True, 'fit_intercept': True, 'lambda_1': 1e-06, 'lambda_2': 1e-06, 'lambda_init': None, 'max_iter': None, 'n_iter': 'deprecated', 'tol': 0.001, 'verbose': False}
2025-06-11 14:01:09,444:INFO:Creating Dashboard logs
2025-06-11 14:01:09,445:INFO:Model: Lasso Regression
2025-06-11 14:01:09,485:INFO:Logged params: {'alpha': 1.0, 'copy_X': True, 'fit_intercept': True, 'max_iter': 1000, 'positive': False, 'precompute': False, 'random_state': 123, 'selection': 'cyclic', 'tol': 0.0001, 'warm_start': False}
2025-06-11 14:01:09,730:INFO:Creating Dashboard logs
2025-06-11 14:01:09,730:INFO:Model: Elastic Net
2025-06-11 14:01:09,770:INFO:Logged params: {'alpha': 1.0, 'copy_X': True, 'fit_intercept': True, 'l1_ratio': 0.5, 'max_iter': 1000, 'positive': False, 'precompute': False, 'random_state': 123, 'selection': 'cyclic', 'tol': 0.0001, 'warm_start': False}
2025-06-11 14:01:10,006:INFO:Creating Dashboard logs
2025-06-11 14:01:10,007:INFO:Model: Orthogonal Matching Pursuit
2025-06-11 14:01:10,045:INFO:Logged params: {'fit_intercept': True, 'n_nonzero_coefs': None, 'precompute': 'auto', 'tol': None}
2025-06-11 14:01:10,271:INFO:Creating Dashboard logs
2025-06-11 14:01:10,272:INFO:Model: Linear Regression
2025-06-11 14:01:10,310:INFO:Logged params: {'copy_X': True, 'fit_intercept': True, 'n_jobs': -1, 'positive': False}
2025-06-11 14:01:10,534:INFO:Creating Dashboard logs
2025-06-11 14:01:10,534:INFO:Model: Ridge Regression
2025-06-11 14:01:10,574:INFO:Logged params: {'alpha': 1.0, 'copy_X': True, 'fit_intercept': True, 'max_iter': None, 'positive': False, 'random_state': 123, 'solver': 'auto', 'tol': 0.0001}
2025-06-11 14:01:10,803:INFO:Creating Dashboard logs
2025-06-11 14:01:10,803:INFO:Model: Least Angle Regression
2025-06-11 14:01:10,840:INFO:Logged params: {'copy_X': True, 'eps': 2.220446049250313e-16, 'fit_intercept': True, 'fit_path': True, 'jitter': None, 'n_nonzero_coefs': 500, 'precompute': 'auto', 'random_state': 123, 'verbose': False}
2025-06-11 14:01:11,068:INFO:Creating Dashboard logs
2025-06-11 14:01:11,068:INFO:Model: Decision Tree Regressor
2025-06-11 14:01:11,110:INFO:Logged params: {'ccp_alpha': 0.0, 'criterion': 'squared_error', 'max_depth': None, 'max_features': None, 'max_leaf_nodes': None, 'min_impurity_decrease': 0.0, 'min_samples_leaf': 1, 'min_samples_split': 2, 'min_weight_fraction_leaf': 0.0, 'monotonic_cst': None, 'random_state': 123, 'splitter': 'best'}
2025-06-11 14:01:11,345:INFO:Creating Dashboard logs
2025-06-11 14:01:11,346:INFO:Model: Dummy Regressor
2025-06-11 14:01:11,383:INFO:Logged params: {'constant': None, 'quantile': None, 'strategy': 'mean'}
2025-06-11 14:01:11,610:INFO:Creating Dashboard logs
2025-06-11 14:01:11,611:INFO:Model: Huber Regressor
2025-06-11 14:01:11,651:INFO:Logged params: {'alpha': 0.0001, 'epsilon': 1.35, 'fit_intercept': True, 'max_iter': 100, 'tol': 1e-05, 'warm_start': False}
2025-06-11 14:01:11,877:INFO:Creating Dashboard logs
2025-06-11 14:01:11,877:INFO:Model: AdaBoost Regressor
2025-06-11 14:01:11,914:INFO:Logged params: {'estimator': None, 'learning_rate': 1.0, 'loss': 'linear', 'n_estimators': 50, 'random_state': 123}
2025-06-11 14:01:12,142:INFO:Creating Dashboard logs
2025-06-11 14:01:12,143:INFO:Model: Passive Aggressive Regressor
2025-06-11 14:01:12,180:INFO:Logged params: {'C': 1.0, 'average': False, 'early_stopping': False, 'epsilon': 0.1, 'fit_intercept': True, 'loss': 'epsilon_insensitive', 'max_iter': 1000, 'n_iter_no_change': 5, 'random_state': 123, 'shuffle': True, 'tol': 0.001, 'validation_fraction': 0.1, 'verbose': 0, 'warm_start': False}
2025-06-11 14:01:12,424:INFO:_master_model_container: 18
2025-06-11 14:01:12,424:INFO:_display_container: 2
2025-06-11 14:01:12,424:INFO:RandomForestRegressor(n_jobs=-1, random_state=123)
2025-06-11 14:01:12,424:INFO:compare_models() successfully completed......................................
2025-06-11 14:01:12,427:INFO:Initializing save_model()
2025-06-11 14:01:12,427:INFO:save_model(model=RandomForestRegressor(n_jobs=-1, random_state=123), model_name=outputs/best_model_pycaret, prep_pipe_=Pipeline(memory=FastMemory(location=C:\Users\Igor\AppData\Local\Temp\joblib),
         steps=[('numerical_imputer',
                 TransformerWrapper(include=['X', 'Y', 'Z'],
                                    transformer=SimpleImputer())),
                ('categorical_imputer',
                 TransformerWrapper(include=[],
                                    transformer=SimpleImputer(strategy='most_frequent')))]), verbose=True, use_case=MLUsecase.REGRESSION, kwargs={})
2025-06-11 14:01:12,427:INFO:Adding model into prep_pipe
2025-06-11 14:01:12,451:INFO:outputs/best_model_pycaret.pkl saved in current working directory
2025-06-11 14:01:12,454:INFO:Pipeline(memory=Memory(location=None),
         steps=[('numerical_imputer',
                 TransformerWrapper(include=['X', 'Y', 'Z'],
                                    transformer=SimpleImputer())),
                ('categorical_imputer',
                 TransformerWrapper(include=[],
                                    transformer=SimpleImputer(strategy='most_frequent'))),
                ('trained_model',
                 RandomForestRegressor(n_jobs=-1, random_state=123))])
2025-06-11 14:01:12,454:INFO:save_model() successfully completed......................................
2025-06-11 14:01:12,522:INFO:Initializing get_config()
2025-06-11 14:01:12,522:INFO:get_config(self=<pycaret.regression.oop.RegressionExperiment object at 0x000001C7021F1E10>, variable=X_train)
2025-06-11 14:01:12,522:INFO:Variable: 'X_train' used to return the transformed values in PyCaret 2.x. From PyCaret 3.x, this will return the raw values. If you need the transformed values, call get_config with 'X_train_transformed' instead.
2025-06-11 14:01:12,523:WARNING:D:\python-3.10\lib\site-packages\pycaret\internal\pycaret_experiment\pycaret_experiment.py:321: UserWarning: Variable: 'X_train' used to return the transformed values in PyCaret 2.x. From PyCaret 3.x, this will return the raw values. If you need the transformed values, call get_config with 'X_train_transformed' instead.
  warnings.warn(msg)  # print on screen

2025-06-11 14:01:12,528:INFO:Variable:  returned as              X          Y       Z
1480  719817.0  7170808.0  5000.0
1888  714355.0  7170880.0  5001.0
2180  716206.0  7166749.0  5004.0
2051  717377.0  7167442.0  5004.0
1843  717342.0  7169522.0  5003.0
...        ...        ...     ...
1147  715554.0  7175744.0  5004.0
2154  716872.0  7166588.0  5004.0
1766  713742.0  7172160.0  5000.0
1122  719433.0  7173522.0  5002.0
1346  716749.0  7173672.0  5002.0

[1530 rows x 3 columns]
2025-06-11 14:01:12,528:INFO:get_config() successfully completed......................................
2025-06-11 14:01:12,528:INFO:Initializing get_config()
2025-06-11 14:01:12,528:INFO:get_config(self=<pycaret.regression.oop.RegressionExperiment object at 0x000001C7021F1E10>, variable=y_train)
2025-06-11 14:01:12,528:INFO:Variable: 'y_train' used to return the transformed values in PyCaret 2.x. From PyCaret 3.x, this will return the raw values. If you need the transformed values, call get_config with 'y_train_transformed' instead.
2025-06-11 14:01:12,528:WARNING:D:\python-3.10\lib\site-packages\pycaret\internal\pycaret_experiment\pycaret_experiment.py:321: UserWarning: Variable: 'y_train' used to return the transformed values in PyCaret 2.x. From PyCaret 3.x, this will return the raw values. If you need the transformed values, call get_config with 'y_train_transformed' instead.
  warnings.warn(msg)  # print on screen

2025-06-11 14:01:12,529:INFO:Variable:  returned as 1480    1.023438
1888    3.453125
2180    4.881836
2051   -0.033203
1843   -0.002929
          ...   
1147   -0.007813
2154    1.726563
1766    1.827148
1122   -2.250000
1346    0.420898
Name: Propriedade, Length: 1530, dtype: float32
2025-06-11 14:01:12,529:INFO:get_config() successfully completed......................................
2025-06-11 14:01:12,529:INFO:Initializing get_config()
2025-06-11 14:01:12,529:INFO:get_config(self=<pycaret.regression.oop.RegressionExperiment object at 0x000001C7021F1E10>, variable=X_test)
2025-06-11 14:01:12,529:INFO:Variable: 'X_test' used to return the transformed values in PyCaret 2.x. From PyCaret 3.x, this will return the raw values. If you need the transformed values, call get_config with 'X_test_transformed' instead.
2025-06-11 14:01:12,529:WARNING:D:\python-3.10\lib\site-packages\pycaret\internal\pycaret_experiment\pycaret_experiment.py:321: UserWarning: Variable: 'X_test' used to return the transformed values in PyCaret 2.x. From PyCaret 3.x, this will return the raw values. If you need the transformed values, call get_config with 'X_test_transformed' instead.
  warnings.warn(msg)  # print on screen

2025-06-11 14:01:12,534:INFO:Variable:  returned as              X          Y       Z
1334  713337.0  7175590.0  5000.0
395   717825.0  7180528.0  5003.0
952   720765.0  7174159.0  5002.0
2078  715735.0  7167959.0  5002.0
2101  716284.0  7167403.0  5001.0
...        ...        ...     ...
828   725881.0  7172419.0  5003.0
689   717744.0  7178314.0  5001.0
1676  714710.0  7172299.0  5004.0
2127  715985.0  7167346.0  5003.0
1614  713420.0  7173495.0  5003.0

[657 rows x 3 columns]
2025-06-11 14:01:12,534:INFO:get_config() successfully completed......................................
2025-06-11 14:01:12,534:INFO:Initializing get_config()
2025-06-11 14:01:12,534:INFO:get_config(self=<pycaret.regression.oop.RegressionExperiment object at 0x000001C7021F1E10>, variable=y_test)
2025-06-11 14:01:12,534:INFO:Variable: 'y_test' used to return the transformed values in PyCaret 2.x. From PyCaret 3.x, this will return the raw values. If you need the transformed values, call get_config with 'y_test_transformed' instead.
2025-06-11 14:01:12,534:WARNING:D:\python-3.10\lib\site-packages\pycaret\internal\pycaret_experiment\pycaret_experiment.py:321: UserWarning: Variable: 'y_test' used to return the transformed values in PyCaret 2.x. From PyCaret 3.x, this will return the raw values. If you need the transformed values, call get_config with 'y_test_transformed' instead.
  warnings.warn(msg)  # print on screen

2025-06-11 14:01:12,536:INFO:Variable:  returned as 1334    0.772461
395     5.396484
952     0.806641
2078    1.336914
2101    4.637695
          ...   
828    -0.062500
689     3.133790
1676    0.001953
2127    4.926758
1614    1.351563
Name: Propriedade, Length: 657, dtype: float32
2025-06-11 14:01:12,536:INFO:get_config() successfully completed......................................
2025-06-11 14:01:18,870:WARNING:
'cuml' is a soft dependency and not included in the pycaret installation. Please run: `pip install cuml` to install.
2025-06-11 14:01:18,870:WARNING:
'cuml' is a soft dependency and not included in the pycaret installation. Please run: `pip install cuml` to install.
2025-06-11 14:01:18,870:WARNING:
'cuml' is a soft dependency and not included in the pycaret installation. Please run: `pip install cuml` to install.
2025-06-11 14:01:18,870:WARNING:
'cuml' is a soft dependency and not included in the pycaret installation. Please run: `pip install cuml` to install.
2025-06-11 14:01:18,957:INFO:Initializing load_model()
2025-06-11 14:01:18,958:INFO:load_model(model_name=outputs/best_model_pycaret, platform=None, authentication=None, verbose=True)
2025-06-11 14:01:19,180:INFO:Initializing predict_model()
2025-06-11 14:01:19,180:INFO:predict_model(self=<pycaret.regression.oop.RegressionExperiment object at 0x0000022F33DAF160>, estimator=Pipeline(memory=Memory(location=None),
         steps=[('numerical_imputer',
                 TransformerWrapper(include=['X', 'Y', 'Z'],
                                    transformer=SimpleImputer())),
                ('categorical_imputer',
                 TransformerWrapper(include=[],
                                    transformer=SimpleImputer(strategy='most_frequent'))),
                ('trained_model',
                 RandomForestRegressor(n_jobs=-1, random_state=123))]), probability_threshold=None, encoded_labels=False, raw_score=False, round=4, verbose=True, ml_usecase=None, preprocess=True, encode_labels=<function _SupervisedExperiment.predict_model.<locals>.encode_labels at 0x0000022F784D1A20>)
2025-06-11 14:01:19,180:INFO:Checking exceptions
2025-06-11 14:01:19,180:INFO:Preloading libraries
2025-06-11 14:01:19,180:INFO:Set up data.
2025-06-11 14:01:19,192:INFO:Set up index.
2025-06-11 14:33:13,481:WARNING:
'cuml' is a soft dependency and not included in the pycaret installation. Please run: `pip install cuml` to install.
2025-06-11 14:33:13,481:WARNING:
'cuml' is a soft dependency and not included in the pycaret installation. Please run: `pip install cuml` to install.
2025-06-11 14:33:13,481:WARNING:
'cuml' is a soft dependency and not included in the pycaret installation. Please run: `pip install cuml` to install.
2025-06-11 14:33:13,481:WARNING:
'cuml' is a soft dependency and not included in the pycaret installation. Please run: `pip install cuml` to install.
2025-06-11 14:33:13,572:INFO:Initializing load_model()
2025-06-11 14:33:13,573:INFO:load_model(model_name=outputs/best_model_pycaret, platform=None, authentication=None, verbose=True)
